2019-07-05 11:10:06.962  INFO 28596 --- [main] p.d.IotSignalPayloadDifferentApplication : Starting IotSignalPayloadDifferentApplication on JAVA2 with PID 28596 (D:\IDEA_workspace\fire-control-platform\iot-signal\iot-signal-payload-different\target\classes started by shine in D:\IDEA_workspace\fire-control-platform)
2019-07-05 11:10:06.970  INFO 28596 --- [main] p.d.IotSignalPayloadDifferentApplication : No active profile set, falling back to default profiles: default
2019-07-05 11:10:08.567  INFO 28596 --- [main] faultConfiguringBeanFactoryPostProcessor : No bean named 'errorChannel' has been explicitly defined. Therefore, a default PublishSubscribeChannel will be created.
2019-07-05 11:10:08.579  INFO 28596 --- [main] faultConfiguringBeanFactoryPostProcessor : No bean named 'taskScheduler' has been explicitly defined. Therefore, a default ThreadPoolTaskScheduler will be created.
2019-07-05 11:10:08.590  INFO 28596 --- [main] faultConfiguringBeanFactoryPostProcessor : No bean named 'integrationHeaderChannelRegistry' has been explicitly defined. Therefore, a default DefaultHeaderChannelRegistry will be created.
2019-07-05 11:10:08.662  INFO 28596 --- [main] trationDelegate$BeanPostProcessorChecker : Bean 'org.springframework.kafka.annotation.KafkaBootstrapConfiguration' of type [org.springframework.kafka.annotation.KafkaBootstrapConfiguration$$EnhancerBySpringCGLIB$$bf14729] is not eligible for getting processed by all BeanPostProcessors (for example: not eligible for auto-proxying)
2019-07-05 11:10:08.696  INFO 28596 --- [main] trationDelegate$BeanPostProcessorChecker : Bean 'integrationDisposableAutoCreatedBeans' of type [org.springframework.integration.config.annotation.Disposables] is not eligible for getting processed by all BeanPostProcessors (for example: not eligible for auto-proxying)
2019-07-05 11:10:08.723  INFO 28596 --- [main] trationDelegate$BeanPostProcessorChecker : Bean 'org.springframework.integration.config.IntegrationManagementConfiguration' of type [org.springframework.integration.config.IntegrationManagementConfiguration$$EnhancerBySpringCGLIB$$a330f0d5] is not eligible for getting processed by all BeanPostProcessors (for example: not eligible for auto-proxying)
2019-07-05 11:10:08.737  INFO 28596 --- [main] trationDelegate$BeanPostProcessorChecker : Bean 'org.springframework.boot.autoconfigure.integration.IntegrationAutoConfiguration$IntegrationJmxConfiguration' of type [org.springframework.boot.autoconfigure.integration.IntegrationAutoConfiguration$IntegrationJmxConfiguration$$EnhancerBySpringCGLIB$$7ec2fbf5] is not eligible for getting processed by all BeanPostProcessors (for example: not eligible for auto-proxying)
2019-07-05 11:10:08.754  INFO 28596 --- [main] trationDelegate$BeanPostProcessorChecker : Bean 'org.springframework.boot.autoconfigure.jmx.JmxAutoConfiguration' of type [org.springframework.boot.autoconfigure.jmx.JmxAutoConfiguration$$EnhancerBySpringCGLIB$$b7aaa4c2] is not eligible for getting processed by all BeanPostProcessors (for example: not eligible for auto-proxying)
2019-07-05 11:10:08.766  INFO 28596 --- [main] trationDelegate$BeanPostProcessorChecker : Bean 'mbeanServer' of type [com.sun.jmx.mbeanserver.JmxMBeanServer] is not eligible for getting processed by all BeanPostProcessors (for example: not eligible for auto-proxying)
2019-07-05 11:10:09.458  INFO 28596 --- [main] o.s.b.w.embedded.tomcat.TomcatWebServer  : Tomcat initialized with port(s): 8072 (http)
2019-07-05 11:10:09.494  INFO 28596 --- [main] o.apache.catalina.core.StandardService   : Starting service [Tomcat]
2019-07-05 11:10:09.495  INFO 28596 --- [main] org.apache.catalina.core.StandardEngine  : Starting Servlet engine: [Apache Tomcat/9.0.19]
2019-07-05 11:10:09.679  INFO 28596 --- [main] o.a.c.c.C.[Tomcat].[localhost].[/]       : Initializing Spring embedded WebApplicationContext
2019-07-05 11:10:09.680  INFO 28596 --- [main] o.s.web.context.ContextLoader            : Root WebApplicationContext: initialization completed in 2629 ms
2019-07-05 11:10:10.371  INFO 28596 --- [main] o.s.s.concurrent.ThreadPoolTaskExecutor  : Initializing ExecutorService 'applicationTaskExecutor'
2019-07-05 11:10:10.738  INFO 28596 --- [main] o.s.s.c.ThreadPoolTaskScheduler          : Initializing ExecutorService 'taskScheduler'
2019-07-05 11:10:10.920  INFO 28596 --- [main] o.s.i.monitor.IntegrationMBeanExporter   : Registering MessageChannel output-payload-type-version
2019-07-05 11:10:11.020  INFO 28596 --- [main] o.s.i.monitor.IntegrationMBeanExporter   : Registering MessageChannel input-loralite-payload
2019-07-05 11:10:11.031  INFO 28596 --- [main] o.s.i.monitor.IntegrationMBeanExporter   : Registering MessageChannel errorChannel
2019-07-05 11:10:11.091  INFO 28596 --- [main] o.s.i.monitor.IntegrationMBeanExporter   : Registering MessageChannel nullChannel
2019-07-05 11:10:11.112  INFO 28596 --- [main] o.s.i.monitor.IntegrationMBeanExporter   : Registering MessageHandler errorLogger
2019-07-05 11:10:11.145  INFO 28596 --- [main] o.s.c.s.m.DirectWithAttributesChannel    : Channel 'iot-signal-payload-diffrent.input-loralite-payload' has 1 subscriber(s).
2019-07-05 11:10:11.152  INFO 28596 --- [main] o.s.i.endpoint.EventDrivenConsumer       : Adding {logging-channel-adapter:_org.springframework.integration.errorLogger} as a subscriber to the 'errorChannel' channel
2019-07-05 11:10:11.152  INFO 28596 --- [main] o.s.i.channel.PublishSubscribeChannel    : Channel 'iot-signal-payload-diffrent.errorChannel' has 1 subscriber(s).
2019-07-05 11:10:11.152  INFO 28596 --- [main] o.s.i.endpoint.EventDrivenConsumer       : started _org.springframework.integration.errorLogger
2019-07-05 11:10:11.684  INFO 28596 --- [main] o.s.c.s.b.k.p.KafkaTopicProvisioner      : Using kafka topic for outbound: payload-devType-version
2019-07-05 11:10:11.686  INFO 28596 --- [main] o.a.k.clients.admin.AdminClientConfig    : AdminClientConfig values: 
	bootstrap.servers = [118.25.46.85:9092]
	client.id = 
	connections.max.idle.ms = 300000
	metadata.max.age.ms = 300000
	metric.reporters = []
	metrics.num.samples = 2
	metrics.recording.level = INFO
	metrics.sample.window.ms = 30000
	receive.buffer.bytes = 65536
	reconnect.backoff.max.ms = 1000
	reconnect.backoff.ms = 50
	request.timeout.ms = 120000
	retries = 5
	retry.backoff.ms = 100
	sasl.client.callback.handler.class = null
	sasl.jaas.config = null
	sasl.kerberos.kinit.cmd = /usr/bin/kinit
	sasl.kerberos.min.time.before.relogin = 60000
	sasl.kerberos.service.name = null
	sasl.kerberos.ticket.renew.jitter = 0.05
	sasl.kerberos.ticket.renew.window.factor = 0.8
	sasl.login.callback.handler.class = null
	sasl.login.class = null
	sasl.login.refresh.buffer.seconds = 300
	sasl.login.refresh.min.period.seconds = 60
	sasl.login.refresh.window.factor = 0.8
	sasl.login.refresh.window.jitter = 0.05
	sasl.mechanism = GSSAPI
	security.protocol = PLAINTEXT
	send.buffer.bytes = 131072
	ssl.cipher.suites = null
	ssl.enabled.protocols = [TLSv1.2, TLSv1.1, TLSv1]
	ssl.endpoint.identification.algorithm = https
	ssl.key.password = null
	ssl.keymanager.algorithm = SunX509
	ssl.keystore.location = null
	ssl.keystore.password = null
	ssl.keystore.type = JKS
	ssl.protocol = TLS
	ssl.provider = null
	ssl.secure.random.implementation = null
	ssl.trustmanager.algorithm = PKIX
	ssl.truststore.location = null
	ssl.truststore.password = null
	ssl.truststore.type = JKS

2019-07-05 11:10:11.744  INFO 28596 --- [main] o.a.kafka.common.utils.AppInfoParser     : Kafka version : 2.0.1
2019-07-05 11:10:11.744  INFO 28596 --- [main] o.a.kafka.common.utils.AppInfoParser     : Kafka commitId : fa14705e51bd2ce5
2019-07-05 11:10:12.787  WARN 28596 --- [kafka-admin-client-thread | adminclient-1] org.apache.kafka.clients.NetworkClient   : [AdminClient clientId=adminclient-1] Connection to node -1 could not be established. Broker may not be available.
2019-07-05 11:10:13.919  WARN 28596 --- [kafka-admin-client-thread | adminclient-1] org.apache.kafka.clients.NetworkClient   : [AdminClient clientId=adminclient-1] Connection to node -1 could not be established. Broker may not be available.
2019-07-05 11:10:15.050  WARN 28596 --- [kafka-admin-client-thread | adminclient-1] org.apache.kafka.clients.NetworkClient   : [AdminClient clientId=adminclient-1] Connection to node -1 could not be established. Broker may not be available.
2019-07-05 11:10:16.278  WARN 28596 --- [kafka-admin-client-thread | adminclient-1] org.apache.kafka.clients.NetworkClient   : [AdminClient clientId=adminclient-1] Connection to node -1 could not be established. Broker may not be available.
2019-07-05 11:10:17.724  WARN 28596 --- [kafka-admin-client-thread | adminclient-1] org.apache.kafka.clients.NetworkClient   : [AdminClient clientId=adminclient-1] Connection to node -1 could not be established. Broker may not be available.
2019-07-05 11:10:19.665  WARN 28596 --- [kafka-admin-client-thread | adminclient-1] org.apache.kafka.clients.NetworkClient   : [AdminClient clientId=adminclient-1] Connection to node -1 could not be established. Broker may not be available.
2019-07-05 11:10:21.605  WARN 28596 --- [kafka-admin-client-thread | adminclient-1] org.apache.kafka.clients.NetworkClient   : [AdminClient clientId=adminclient-1] Connection to node -1 could not be established. Broker may not be available.
2019-07-05 11:10:23.649  WARN 28596 --- [kafka-admin-client-thread | adminclient-1] org.apache.kafka.clients.NetworkClient   : [AdminClient clientId=adminclient-1] Connection to node -1 could not be established. Broker may not be available.
2019-07-05 11:10:25.808  WARN 28596 --- [kafka-admin-client-thread | adminclient-1] org.apache.kafka.clients.NetworkClient   : [AdminClient clientId=adminclient-1] Connection to node -1 could not be established. Broker may not be available.
2019-07-05 11:10:28.066  WARN 28596 --- [kafka-admin-client-thread | adminclient-1] org.apache.kafka.clients.NetworkClient   : [AdminClient clientId=adminclient-1] Connection to node -1 could not be established. Broker may not be available.
2019-07-05 11:10:30.208  WARN 28596 --- [kafka-admin-client-thread | adminclient-1] org.apache.kafka.clients.NetworkClient   : [AdminClient clientId=adminclient-1] Connection to node -1 could not be established. Broker may not be available.
2019-07-05 11:10:32.345  WARN 28596 --- [kafka-admin-client-thread | adminclient-1] org.apache.kafka.clients.NetworkClient   : [AdminClient clientId=adminclient-1] Connection to node -1 could not be established. Broker may not be available.
2019-07-05 11:10:34.289  WARN 28596 --- [kafka-admin-client-thread | adminclient-1] org.apache.kafka.clients.NetworkClient   : [AdminClient clientId=adminclient-1] Connection to node -1 could not be established. Broker may not be available.
2019-07-05 11:10:36.327  WARN 28596 --- [kafka-admin-client-thread | adminclient-1] org.apache.kafka.clients.NetworkClient   : [AdminClient clientId=adminclient-1] Connection to node -1 could not be established. Broker may not be available.
2019-07-05 11:10:38.270  WARN 28596 --- [kafka-admin-client-thread | adminclient-1] org.apache.kafka.clients.NetworkClient   : [AdminClient clientId=adminclient-1] Connection to node -1 could not be established. Broker may not be available.
2019-07-05 11:10:40.415  WARN 28596 --- [kafka-admin-client-thread | adminclient-1] org.apache.kafka.clients.NetworkClient   : [AdminClient clientId=adminclient-1] Connection to node -1 could not be established. Broker may not be available.
2019-07-05 11:10:42.655  WARN 28596 --- [kafka-admin-client-thread | adminclient-1] org.apache.kafka.clients.NetworkClient   : [AdminClient clientId=adminclient-1] Connection to node -1 could not be established. Broker may not be available.
2019-07-05 11:10:44.799  WARN 28596 --- [kafka-admin-client-thread | adminclient-1] org.apache.kafka.clients.NetworkClient   : [AdminClient clientId=adminclient-1] Connection to node -1 could not be established. Broker may not be available.
2019-07-05 11:10:46.939  WARN 28596 --- [kafka-admin-client-thread | adminclient-1] org.apache.kafka.clients.NetworkClient   : [AdminClient clientId=adminclient-1] Connection to node -1 could not be established. Broker may not be available.
2019-07-05 11:10:49.188  WARN 28596 --- [kafka-admin-client-thread | adminclient-1] org.apache.kafka.clients.NetworkClient   : [AdminClient clientId=adminclient-1] Connection to node -1 could not be established. Broker may not be available.
2019-07-05 11:10:51.129  WARN 28596 --- [kafka-admin-client-thread | adminclient-1] org.apache.kafka.clients.NetworkClient   : [AdminClient clientId=adminclient-1] Connection to node -1 could not be established. Broker may not be available.
2019-07-05 11:10:53.363  WARN 28596 --- [kafka-admin-client-thread | adminclient-1] org.apache.kafka.clients.NetworkClient   : [AdminClient clientId=adminclient-1] Connection to node -1 could not be established. Broker may not be available.
2019-07-05 11:10:55.606  WARN 28596 --- [kafka-admin-client-thread | adminclient-1] org.apache.kafka.clients.NetworkClient   : [AdminClient clientId=adminclient-1] Connection to node -1 could not be established. Broker may not be available.
2019-07-05 11:10:57.540  WARN 28596 --- [kafka-admin-client-thread | adminclient-1] org.apache.kafka.clients.NetworkClient   : [AdminClient clientId=adminclient-1] Connection to node -1 could not be established. Broker may not be available.
2019-07-05 11:10:59.790  WARN 28596 --- [kafka-admin-client-thread | adminclient-1] org.apache.kafka.clients.NetworkClient   : [AdminClient clientId=adminclient-1] Connection to node -1 could not be established. Broker may not be available.
2019-07-05 11:11:01.837  WARN 28596 --- [kafka-admin-client-thread | adminclient-1] org.apache.kafka.clients.NetworkClient   : [AdminClient clientId=adminclient-1] Connection to node -1 could not be established. Broker may not be available.
2019-07-05 11:11:03.777  WARN 28596 --- [kafka-admin-client-thread | adminclient-1] org.apache.kafka.clients.NetworkClient   : [AdminClient clientId=adminclient-1] Connection to node -1 could not be established. Broker may not be available.
2019-07-05 11:11:05.819  WARN 28596 --- [kafka-admin-client-thread | adminclient-1] org.apache.kafka.clients.NetworkClient   : [AdminClient clientId=adminclient-1] Connection to node -1 could not be established. Broker may not be available.
2019-07-05 11:20:54.255  INFO 33800 --- [main] p.d.IotSignalPayloadDifferentApplication : Starting IotSignalPayloadDifferentApplication on JAVA2 with PID 33800 (D:\IDEA_workspace\fire-control-platform\iot-signal\iot-signal-payload-different\target\classes started by shine in D:\IDEA_workspace\fire-control-platform)
2019-07-05 11:20:54.260  INFO 33800 --- [main] p.d.IotSignalPayloadDifferentApplication : No active profile set, falling back to default profiles: default
2019-07-05 11:20:56.011  INFO 33800 --- [main] faultConfiguringBeanFactoryPostProcessor : No bean named 'errorChannel' has been explicitly defined. Therefore, a default PublishSubscribeChannel will be created.
2019-07-05 11:20:56.019  INFO 33800 --- [main] faultConfiguringBeanFactoryPostProcessor : No bean named 'taskScheduler' has been explicitly defined. Therefore, a default ThreadPoolTaskScheduler will be created.
2019-07-05 11:20:56.027  INFO 33800 --- [main] faultConfiguringBeanFactoryPostProcessor : No bean named 'integrationHeaderChannelRegistry' has been explicitly defined. Therefore, a default DefaultHeaderChannelRegistry will be created.
2019-07-05 11:20:56.119  INFO 33800 --- [main] trationDelegate$BeanPostProcessorChecker : Bean 'org.springframework.kafka.annotation.KafkaBootstrapConfiguration' of type [org.springframework.kafka.annotation.KafkaBootstrapConfiguration$$EnhancerBySpringCGLIB$$19f50542] is not eligible for getting processed by all BeanPostProcessors (for example: not eligible for auto-proxying)
2019-07-05 11:20:56.154  INFO 33800 --- [main] trationDelegate$BeanPostProcessorChecker : Bean 'integrationDisposableAutoCreatedBeans' of type [org.springframework.integration.config.annotation.Disposables] is not eligible for getting processed by all BeanPostProcessors (for example: not eligible for auto-proxying)
2019-07-05 11:20:56.186  INFO 33800 --- [main] trationDelegate$BeanPostProcessorChecker : Bean 'org.springframework.integration.config.IntegrationManagementConfiguration' of type [org.springframework.integration.config.IntegrationManagementConfiguration$$EnhancerBySpringCGLIB$$b134aeee] is not eligible for getting processed by all BeanPostProcessors (for example: not eligible for auto-proxying)
2019-07-05 11:20:56.200  INFO 33800 --- [main] trationDelegate$BeanPostProcessorChecker : Bean 'org.springframework.boot.autoconfigure.integration.IntegrationAutoConfiguration$IntegrationJmxConfiguration' of type [org.springframework.boot.autoconfigure.integration.IntegrationAutoConfiguration$IntegrationJmxConfiguration$$EnhancerBySpringCGLIB$$8cc6ba0e] is not eligible for getting processed by all BeanPostProcessors (for example: not eligible for auto-proxying)
2019-07-05 11:20:56.223  INFO 33800 --- [main] trationDelegate$BeanPostProcessorChecker : Bean 'org.springframework.boot.autoconfigure.jmx.JmxAutoConfiguration' of type [org.springframework.boot.autoconfigure.jmx.JmxAutoConfiguration$$EnhancerBySpringCGLIB$$c5ae62db] is not eligible for getting processed by all BeanPostProcessors (for example: not eligible for auto-proxying)
2019-07-05 11:20:56.237  INFO 33800 --- [main] trationDelegate$BeanPostProcessorChecker : Bean 'mbeanServer' of type [com.sun.jmx.mbeanserver.JmxMBeanServer] is not eligible for getting processed by all BeanPostProcessors (for example: not eligible for auto-proxying)
2019-07-05 11:20:56.972  INFO 33800 --- [main] o.s.b.w.embedded.tomcat.TomcatWebServer  : Tomcat initialized with port(s): 8072 (http)
2019-07-05 11:20:57.006  INFO 33800 --- [main] o.apache.catalina.core.StandardService   : Starting service [Tomcat]
2019-07-05 11:20:57.006  INFO 33800 --- [main] org.apache.catalina.core.StandardEngine  : Starting Servlet engine: [Apache Tomcat/9.0.19]
2019-07-05 11:20:57.420  INFO 33800 --- [main] o.a.c.c.C.[Tomcat].[localhost].[/]       : Initializing Spring embedded WebApplicationContext
2019-07-05 11:20:57.420  INFO 33800 --- [main] o.s.web.context.ContextLoader            : Root WebApplicationContext: initialization completed in 3059 ms
2019-07-05 11:20:58.407  INFO 33800 --- [main] o.s.s.concurrent.ThreadPoolTaskExecutor  : Initializing ExecutorService 'applicationTaskExecutor'
2019-07-05 11:20:58.913  INFO 33800 --- [main] o.s.s.c.ThreadPoolTaskScheduler          : Initializing ExecutorService 'taskScheduler'
2019-07-05 11:20:59.080  INFO 33800 --- [main] o.s.i.monitor.IntegrationMBeanExporter   : Registering MessageChannel input-loralite-payload
2019-07-05 11:20:59.171  INFO 33800 --- [main] o.s.i.monitor.IntegrationMBeanExporter   : Registering MessageChannel errorChannel
2019-07-05 11:20:59.210  INFO 33800 --- [main] o.s.i.monitor.IntegrationMBeanExporter   : Registering MessageChannel output-payload-type-version
2019-07-05 11:20:59.217  INFO 33800 --- [main] o.s.i.monitor.IntegrationMBeanExporter   : Registering MessageChannel nullChannel
2019-07-05 11:20:59.237  INFO 33800 --- [main] o.s.i.monitor.IntegrationMBeanExporter   : Registering MessageHandler errorLogger
2019-07-05 11:20:59.268  INFO 33800 --- [main] o.s.c.s.m.DirectWithAttributesChannel    : Channel 'iot-signal-payload-diffrent.input-loralite-payload' has 1 subscriber(s).
2019-07-05 11:20:59.272  INFO 33800 --- [main] o.s.i.endpoint.EventDrivenConsumer       : Adding {logging-channel-adapter:_org.springframework.integration.errorLogger} as a subscriber to the 'errorChannel' channel
2019-07-05 11:20:59.273  INFO 33800 --- [main] o.s.i.channel.PublishSubscribeChannel    : Channel 'iot-signal-payload-diffrent.errorChannel' has 1 subscriber(s).
2019-07-05 11:20:59.273  INFO 33800 --- [main] o.s.i.endpoint.EventDrivenConsumer       : started _org.springframework.integration.errorLogger
2019-07-05 11:20:59.477  INFO 33800 --- [main] o.s.c.s.b.k.p.KafkaTopicProvisioner      : Using kafka topic for outbound: payload-devType-version
2019-07-05 11:20:59.479  INFO 33800 --- [main] o.a.k.clients.admin.AdminClientConfig    : AdminClientConfig values: 
	bootstrap.servers = [118.25.46.85:9092]
	client.id = 
	connections.max.idle.ms = 300000
	metadata.max.age.ms = 300000
	metric.reporters = []
	metrics.num.samples = 2
	metrics.recording.level = INFO
	metrics.sample.window.ms = 30000
	receive.buffer.bytes = 65536
	reconnect.backoff.max.ms = 1000
	reconnect.backoff.ms = 50
	request.timeout.ms = 120000
	retries = 5
	retry.backoff.ms = 100
	sasl.client.callback.handler.class = null
	sasl.jaas.config = null
	sasl.kerberos.kinit.cmd = /usr/bin/kinit
	sasl.kerberos.min.time.before.relogin = 60000
	sasl.kerberos.service.name = null
	sasl.kerberos.ticket.renew.jitter = 0.05
	sasl.kerberos.ticket.renew.window.factor = 0.8
	sasl.login.callback.handler.class = null
	sasl.login.class = null
	sasl.login.refresh.buffer.seconds = 300
	sasl.login.refresh.min.period.seconds = 60
	sasl.login.refresh.window.factor = 0.8
	sasl.login.refresh.window.jitter = 0.05
	sasl.mechanism = GSSAPI
	security.protocol = PLAINTEXT
	send.buffer.bytes = 131072
	ssl.cipher.suites = null
	ssl.enabled.protocols = [TLSv1.2, TLSv1.1, TLSv1]
	ssl.endpoint.identification.algorithm = https
	ssl.key.password = null
	ssl.keymanager.algorithm = SunX509
	ssl.keystore.location = null
	ssl.keystore.password = null
	ssl.keystore.type = JKS
	ssl.protocol = TLS
	ssl.provider = null
	ssl.secure.random.implementation = null
	ssl.trustmanager.algorithm = PKIX
	ssl.truststore.location = null
	ssl.truststore.password = null
	ssl.truststore.type = JKS

2019-07-05 11:20:59.545  INFO 33800 --- [main] o.a.kafka.common.utils.AppInfoParser     : Kafka version : 2.0.1
2019-07-05 11:20:59.545  INFO 33800 --- [main] o.a.kafka.common.utils.AppInfoParser     : Kafka commitId : fa14705e51bd2ce5
2019-07-05 11:20:59.844  INFO 33800 --- [main] o.a.k.clients.producer.ProducerConfig    : ProducerConfig values: 
	acks = 1
	batch.size = 16384
	bootstrap.servers = [118.25.46.85:9092]
	buffer.memory = 33554432
	client.id = 
	compression.type = none
	connections.max.idle.ms = 540000
	enable.idempotence = false
	interceptor.classes = []
	key.serializer = class org.apache.kafka.common.serialization.ByteArraySerializer
	linger.ms = 0
	max.block.ms = 60000
	max.in.flight.requests.per.connection = 5
	max.request.size = 1048576
	metadata.max.age.ms = 300000
	metric.reporters = []
	metrics.num.samples = 2
	metrics.recording.level = INFO
	metrics.sample.window.ms = 30000
	partitioner.class = class org.apache.kafka.clients.producer.internals.DefaultPartitioner
	receive.buffer.bytes = 32768
	reconnect.backoff.max.ms = 1000
	reconnect.backoff.ms = 50
	request.timeout.ms = 30000
	retries = 0
	retry.backoff.ms = 100
	sasl.client.callback.handler.class = null
	sasl.jaas.config = null
	sasl.kerberos.kinit.cmd = /usr/bin/kinit
	sasl.kerberos.min.time.before.relogin = 60000
	sasl.kerberos.service.name = null
	sasl.kerberos.ticket.renew.jitter = 0.05
	sasl.kerberos.ticket.renew.window.factor = 0.8
	sasl.login.callback.handler.class = null
	sasl.login.class = null
	sasl.login.refresh.buffer.seconds = 300
	sasl.login.refresh.min.period.seconds = 60
	sasl.login.refresh.window.factor = 0.8
	sasl.login.refresh.window.jitter = 0.05
	sasl.mechanism = GSSAPI
	security.protocol = PLAINTEXT
	send.buffer.bytes = 131072
	ssl.cipher.suites = null
	ssl.enabled.protocols = [TLSv1.2, TLSv1.1, TLSv1]
	ssl.endpoint.identification.algorithm = https
	ssl.key.password = null
	ssl.keymanager.algorithm = SunX509
	ssl.keystore.location = null
	ssl.keystore.password = null
	ssl.keystore.type = JKS
	ssl.protocol = TLS
	ssl.provider = null
	ssl.secure.random.implementation = null
	ssl.trustmanager.algorithm = PKIX
	ssl.truststore.location = null
	ssl.truststore.password = null
	ssl.truststore.type = JKS
	transaction.timeout.ms = 60000
	transactional.id = null
	value.serializer = class org.apache.kafka.common.serialization.ByteArraySerializer

2019-07-05 11:20:59.870  INFO 33800 --- [main] o.a.kafka.common.utils.AppInfoParser     : Kafka version : 2.0.1
2019-07-05 11:20:59.870  INFO 33800 --- [main] o.a.kafka.common.utils.AppInfoParser     : Kafka commitId : fa14705e51bd2ce5
2019-07-05 11:20:59.901  INFO 33800 --- [kafka-producer-network-thread | producer-1] org.apache.kafka.clients.Metadata        : Cluster ID: GMdLy6M0RLSa4etQ0tZUFg
2019-07-05 11:20:59.904  INFO 33800 --- [main] o.a.k.clients.producer.KafkaProducer     : [Producer clientId=producer-1] Closing the Kafka producer with timeoutMillis = 30000 ms.
2019-07-05 11:20:59.917  INFO 33800 --- [main] o.s.c.s.m.DirectWithAttributesChannel    : Channel 'iot-signal-payload-diffrent.output-payload-type-version' has 1 subscriber(s).
2019-07-05 11:20:59.934  INFO 33800 --- [main] o.a.k.clients.admin.AdminClientConfig    : AdminClientConfig values: 
	bootstrap.servers = [118.25.46.85:9092]
	client.id = 
	connections.max.idle.ms = 300000
	metadata.max.age.ms = 300000
	metric.reporters = []
	metrics.num.samples = 2
	metrics.recording.level = INFO
	metrics.sample.window.ms = 30000
	receive.buffer.bytes = 65536
	reconnect.backoff.max.ms = 1000
	reconnect.backoff.ms = 50
	request.timeout.ms = 120000
	retries = 5
	retry.backoff.ms = 100
	sasl.client.callback.handler.class = null
	sasl.jaas.config = null
	sasl.kerberos.kinit.cmd = /usr/bin/kinit
	sasl.kerberos.min.time.before.relogin = 60000
	sasl.kerberos.service.name = null
	sasl.kerberos.ticket.renew.jitter = 0.05
	sasl.kerberos.ticket.renew.window.factor = 0.8
	sasl.login.callback.handler.class = null
	sasl.login.class = null
	sasl.login.refresh.buffer.seconds = 300
	sasl.login.refresh.min.period.seconds = 60
	sasl.login.refresh.window.factor = 0.8
	sasl.login.refresh.window.jitter = 0.05
	sasl.mechanism = GSSAPI
	security.protocol = PLAINTEXT
	send.buffer.bytes = 131072
	ssl.cipher.suites = null
	ssl.enabled.protocols = [TLSv1.2, TLSv1.1, TLSv1]
	ssl.endpoint.identification.algorithm = https
	ssl.key.password = null
	ssl.keymanager.algorithm = SunX509
	ssl.keystore.location = null
	ssl.keystore.password = null
	ssl.keystore.type = JKS
	ssl.protocol = TLS
	ssl.provider = null
	ssl.secure.random.implementation = null
	ssl.trustmanager.algorithm = PKIX
	ssl.truststore.location = null
	ssl.truststore.password = null
	ssl.truststore.type = JKS

2019-07-05 11:20:59.937  INFO 33800 --- [main] o.a.kafka.common.utils.AppInfoParser     : Kafka version : 2.0.1
2019-07-05 11:20:59.938  INFO 33800 --- [main] o.a.kafka.common.utils.AppInfoParser     : Kafka commitId : fa14705e51bd2ce5
2019-07-05 11:21:00.055  INFO 33800 --- [main] o.a.k.clients.consumer.ConsumerConfig    : ConsumerConfig values: 
	auto.commit.interval.ms = 100
	auto.offset.reset = earliest
	bootstrap.servers = [118.25.46.85:9092]
	check.crcs = true
	client.id = 
	connections.max.idle.ms = 540000
	default.api.timeout.ms = 60000
	enable.auto.commit = false
	exclude.internal.topics = true
	fetch.max.bytes = 52428800
	fetch.max.wait.ms = 500
	fetch.min.bytes = 1
	group.id = LoraLitePayloadGropu
	heartbeat.interval.ms = 3000
	interceptor.classes = []
	internal.leave.group.on.close = true
	isolation.level = read_uncommitted
	key.deserializer = class org.apache.kafka.common.serialization.ByteArrayDeserializer
	max.partition.fetch.bytes = 1048576
	max.poll.interval.ms = 300000
	max.poll.records = 500
	metadata.max.age.ms = 300000
	metric.reporters = []
	metrics.num.samples = 2
	metrics.recording.level = INFO
	metrics.sample.window.ms = 30000
	partition.assignment.strategy = [class org.apache.kafka.clients.consumer.RangeAssignor]
	receive.buffer.bytes = 65536
	reconnect.backoff.max.ms = 1000
	reconnect.backoff.ms = 50
	request.timeout.ms = 30000
	retry.backoff.ms = 100
	sasl.client.callback.handler.class = null
	sasl.jaas.config = null
	sasl.kerberos.kinit.cmd = /usr/bin/kinit
	sasl.kerberos.min.time.before.relogin = 60000
	sasl.kerberos.service.name = null
	sasl.kerberos.ticket.renew.jitter = 0.05
	sasl.kerberos.ticket.renew.window.factor = 0.8
	sasl.login.callback.handler.class = null
	sasl.login.class = null
	sasl.login.refresh.buffer.seconds = 300
	sasl.login.refresh.min.period.seconds = 60
	sasl.login.refresh.window.factor = 0.8
	sasl.login.refresh.window.jitter = 0.05
	sasl.mechanism = GSSAPI
	security.protocol = PLAINTEXT
	send.buffer.bytes = 131072
	session.timeout.ms = 10000
	ssl.cipher.suites = null
	ssl.enabled.protocols = [TLSv1.2, TLSv1.1, TLSv1]
	ssl.endpoint.identification.algorithm = https
	ssl.key.password = null
	ssl.keymanager.algorithm = SunX509
	ssl.keystore.location = null
	ssl.keystore.password = null
	ssl.keystore.type = JKS
	ssl.protocol = TLS
	ssl.provider = null
	ssl.secure.random.implementation = null
	ssl.trustmanager.algorithm = PKIX
	ssl.truststore.location = null
	ssl.truststore.password = null
	ssl.truststore.type = JKS
	value.deserializer = class org.apache.kafka.common.serialization.ByteArrayDeserializer

2019-07-05 11:21:00.087  INFO 33800 --- [main] o.a.kafka.common.utils.AppInfoParser     : Kafka version : 2.0.1
2019-07-05 11:21:00.088  INFO 33800 --- [main] o.a.kafka.common.utils.AppInfoParser     : Kafka commitId : fa14705e51bd2ce5
2019-07-05 11:21:00.132  INFO 33800 --- [main] org.apache.kafka.clients.Metadata        : Cluster ID: GMdLy6M0RLSa4etQ0tZUFg
2019-07-05 11:21:00.160  INFO 33800 --- [main] o.s.i.monitor.IntegrationMBeanExporter   : Registering MessageChannel LoraLite-payload.LoraLitePayloadGropu.errors
2019-07-05 11:21:00.286  INFO 33800 --- [main] o.s.c.stream.binder.BinderErrorChannel   : Channel 'iot-signal-payload-diffrent.LoraLite-payload.LoraLitePayloadGropu.errors' has 1 subscriber(s).
2019-07-05 11:21:00.287  INFO 33800 --- [main] o.s.c.stream.binder.BinderErrorChannel   : Channel 'iot-signal-payload-diffrent.LoraLite-payload.LoraLitePayloadGropu.errors' has 0 subscriber(s).
2019-07-05 11:21:00.287  INFO 33800 --- [main] o.s.c.stream.binder.BinderErrorChannel   : Channel 'iot-signal-payload-diffrent.LoraLite-payload.LoraLitePayloadGropu.errors' has 1 subscriber(s).
2019-07-05 11:21:00.288  INFO 33800 --- [main] o.s.c.stream.binder.BinderErrorChannel   : Channel 'iot-signal-payload-diffrent.LoraLite-payload.LoraLitePayloadGropu.errors' has 2 subscriber(s).
2019-07-05 11:21:00.297  INFO 33800 --- [main] o.a.k.clients.consumer.ConsumerConfig    : ConsumerConfig values: 
	auto.commit.interval.ms = 100
	auto.offset.reset = earliest
	bootstrap.servers = [118.25.46.85:9092]
	check.crcs = true
	client.id = 
	connections.max.idle.ms = 540000
	default.api.timeout.ms = 60000
	enable.auto.commit = false
	exclude.internal.topics = true
	fetch.max.bytes = 52428800
	fetch.max.wait.ms = 500
	fetch.min.bytes = 1
	group.id = LoraLitePayloadGropu
	heartbeat.interval.ms = 3000
	interceptor.classes = []
	internal.leave.group.on.close = true
	isolation.level = read_uncommitted
	key.deserializer = class org.apache.kafka.common.serialization.ByteArrayDeserializer
	max.partition.fetch.bytes = 1048576
	max.poll.interval.ms = 300000
	max.poll.records = 500
	metadata.max.age.ms = 300000
	metric.reporters = []
	metrics.num.samples = 2
	metrics.recording.level = INFO
	metrics.sample.window.ms = 30000
	partition.assignment.strategy = [class org.apache.kafka.clients.consumer.RangeAssignor]
	receive.buffer.bytes = 65536
	reconnect.backoff.max.ms = 1000
	reconnect.backoff.ms = 50
	request.timeout.ms = 30000
	retry.backoff.ms = 100
	sasl.client.callback.handler.class = null
	sasl.jaas.config = null
	sasl.kerberos.kinit.cmd = /usr/bin/kinit
	sasl.kerberos.min.time.before.relogin = 60000
	sasl.kerberos.service.name = null
	sasl.kerberos.ticket.renew.jitter = 0.05
	sasl.kerberos.ticket.renew.window.factor = 0.8
	sasl.login.callback.handler.class = null
	sasl.login.class = null
	sasl.login.refresh.buffer.seconds = 300
	sasl.login.refresh.min.period.seconds = 60
	sasl.login.refresh.window.factor = 0.8
	sasl.login.refresh.window.jitter = 0.05
	sasl.mechanism = GSSAPI
	security.protocol = PLAINTEXT
	send.buffer.bytes = 131072
	session.timeout.ms = 10000
	ssl.cipher.suites = null
	ssl.enabled.protocols = [TLSv1.2, TLSv1.1, TLSv1]
	ssl.endpoint.identification.algorithm = https
	ssl.key.password = null
	ssl.keymanager.algorithm = SunX509
	ssl.keystore.location = null
	ssl.keystore.password = null
	ssl.keystore.type = JKS
	ssl.protocol = TLS
	ssl.provider = null
	ssl.secure.random.implementation = null
	ssl.trustmanager.algorithm = PKIX
	ssl.truststore.location = null
	ssl.truststore.password = null
	ssl.truststore.type = JKS
	value.deserializer = class org.apache.kafka.common.serialization.ByteArrayDeserializer

2019-07-05 11:21:00.302  INFO 33800 --- [main] o.a.kafka.common.utils.AppInfoParser     : Kafka version : 2.0.1
2019-07-05 11:21:00.302  INFO 33800 --- [main] o.a.kafka.common.utils.AppInfoParser     : Kafka commitId : fa14705e51bd2ce5
2019-07-05 11:21:00.347  INFO 33800 --- [main] org.apache.kafka.clients.Metadata        : Cluster ID: GMdLy6M0RLSa4etQ0tZUFg
2019-07-05 11:21:00.356  INFO 33800 --- [main] o.a.k.clients.consumer.ConsumerConfig    : ConsumerConfig values: 
	auto.commit.interval.ms = 100
	auto.offset.reset = earliest
	bootstrap.servers = [118.25.46.85:9092]
	check.crcs = true
	client.id = 
	connections.max.idle.ms = 540000
	default.api.timeout.ms = 60000
	enable.auto.commit = false
	exclude.internal.topics = true
	fetch.max.bytes = 52428800
	fetch.max.wait.ms = 500
	fetch.min.bytes = 1
	group.id = LoraLitePayloadGropu
	heartbeat.interval.ms = 3000
	interceptor.classes = []
	internal.leave.group.on.close = true
	isolation.level = read_uncommitted
	key.deserializer = class org.apache.kafka.common.serialization.ByteArrayDeserializer
	max.partition.fetch.bytes = 1048576
	max.poll.interval.ms = 300000
	max.poll.records = 500
	metadata.max.age.ms = 300000
	metric.reporters = []
	metrics.num.samples = 2
	metrics.recording.level = INFO
	metrics.sample.window.ms = 30000
	partition.assignment.strategy = [class org.apache.kafka.clients.consumer.RangeAssignor]
	receive.buffer.bytes = 65536
	reconnect.backoff.max.ms = 1000
	reconnect.backoff.ms = 50
	request.timeout.ms = 30000
	retry.backoff.ms = 100
	sasl.client.callback.handler.class = null
	sasl.jaas.config = null
	sasl.kerberos.kinit.cmd = /usr/bin/kinit
	sasl.kerberos.min.time.before.relogin = 60000
	sasl.kerberos.service.name = null
	sasl.kerberos.ticket.renew.jitter = 0.05
	sasl.kerberos.ticket.renew.window.factor = 0.8
	sasl.login.callback.handler.class = null
	sasl.login.class = null
	sasl.login.refresh.buffer.seconds = 300
	sasl.login.refresh.min.period.seconds = 60
	sasl.login.refresh.window.factor = 0.8
	sasl.login.refresh.window.jitter = 0.05
	sasl.mechanism = GSSAPI
	security.protocol = PLAINTEXT
	send.buffer.bytes = 131072
	session.timeout.ms = 10000
	ssl.cipher.suites = null
	ssl.enabled.protocols = [TLSv1.2, TLSv1.1, TLSv1]
	ssl.endpoint.identification.algorithm = https
	ssl.key.password = null
	ssl.keymanager.algorithm = SunX509
	ssl.keystore.location = null
	ssl.keystore.password = null
	ssl.keystore.type = JKS
	ssl.protocol = TLS
	ssl.provider = null
	ssl.secure.random.implementation = null
	ssl.trustmanager.algorithm = PKIX
	ssl.truststore.location = null
	ssl.truststore.password = null
	ssl.truststore.type = JKS
	value.deserializer = class org.apache.kafka.common.serialization.ByteArrayDeserializer

2019-07-05 11:21:00.360  INFO 33800 --- [main] o.a.kafka.common.utils.AppInfoParser     : Kafka version : 2.0.1
2019-07-05 11:21:00.360  INFO 33800 --- [main] o.a.kafka.common.utils.AppInfoParser     : Kafka commitId : fa14705e51bd2ce5
2019-07-05 11:21:00.363  INFO 33800 --- [main] o.s.s.c.ThreadPoolTaskScheduler          : Initializing ExecutorService
2019-07-05 11:21:00.370  INFO 33800 --- [main] s.i.k.i.KafkaMessageDrivenChannelAdapter : started org.springframework.integration.kafka.inbound.KafkaMessageDrivenChannelAdapter@2b6fb197
2019-07-05 11:21:00.394  INFO 33800 --- [main] o.s.b.w.embedded.tomcat.TomcatWebServer  : Tomcat started on port(s): 8072 (http) with context path ''
2019-07-05 11:21:00.395  INFO 33800 --- [main] p.d.IotSignalPayloadDifferentApplication : Started IotSignalPayloadDifferentApplication in 7.238 seconds (JVM running for 8.928)
2019-07-05 11:21:00.415  INFO 33800 --- [[Ljava.lang.String;@257f30f7.container-0-C-1] org.apache.kafka.clients.Metadata        : Cluster ID: GMdLy6M0RLSa4etQ0tZUFg
2019-07-05 11:21:00.416  INFO 33800 --- [[Ljava.lang.String;@257f30f7.container-0-C-1] o.a.k.c.c.internals.AbstractCoordinator  : [Consumer clientId=consumer-3, groupId=LoraLitePayloadGropu] Discovered group coordinator 118.25.46.85:9092 (id: 2147483646 rack: null)
2019-07-05 11:21:00.418  INFO 33800 --- [[Ljava.lang.String;@257f30f7.container-0-C-1] o.a.k.c.c.internals.ConsumerCoordinator  : [Consumer clientId=consumer-3, groupId=LoraLitePayloadGropu] Revoking previously assigned partitions []
2019-07-05 11:21:00.419  INFO 33800 --- [[Ljava.lang.String;@257f30f7.container-0-C-1] o.s.c.s.b.k.KafkaMessageChannelBinder$1  : partitions revoked: []
2019-07-05 11:21:00.419  INFO 33800 --- [[Ljava.lang.String;@257f30f7.container-0-C-1] o.a.k.c.c.internals.AbstractCoordinator  : [Consumer clientId=consumer-3, groupId=LoraLitePayloadGropu] (Re-)joining group
2019-07-05 11:21:00.585  INFO 33800 --- [[Ljava.lang.String;@257f30f7.container-0-C-1] o.a.k.c.c.internals.AbstractCoordinator  : [Consumer clientId=consumer-3, groupId=LoraLitePayloadGropu] Successfully joined group with generation 1
2019-07-05 11:21:00.587  INFO 33800 --- [[Ljava.lang.String;@257f30f7.container-0-C-1] o.a.k.c.c.internals.ConsumerCoordinator  : [Consumer clientId=consumer-3, groupId=LoraLitePayloadGropu] Setting newly assigned partitions [LoraLite-payload-1, LoraLite-payload-0]
2019-07-05 11:21:00.653  INFO 33800 --- [[Ljava.lang.String;@257f30f7.container-0-C-1] o.a.k.c.consumer.internals.Fetcher       : [Consumer clientId=consumer-3, groupId=LoraLitePayloadGropu] Resetting offset for partition LoraLite-payload-1 to offset 0.
2019-07-05 11:21:00.654  INFO 33800 --- [[Ljava.lang.String;@257f30f7.container-0-C-1] o.a.k.c.consumer.internals.Fetcher       : [Consumer clientId=consumer-3, groupId=LoraLitePayloadGropu] Resetting offset for partition LoraLite-payload-0 to offset 0.
2019-07-05 11:21:00.693  INFO 33800 --- [[Ljava.lang.String;@257f30f7.container-0-C-1] o.s.c.s.b.k.KafkaMessageChannelBinder$1  : partitions assigned: [LoraLite-payload-1, LoraLite-payload-0]
2019-07-05 13:10:48.307  INFO 33800 --- [[Ljava.lang.String;@257f30f7.container-0-C-1] c.s.i.s.p.d.k.PayloadMsgReceiver         : 接受到的message：{"gwIP":"127.0.0.1","gwId":"FFFFF80100000142","gwPort":9823,"rawPayload":"810100ffffffffff07000003f7f985ffffffff04050000050300f593"}
2019-07-05 13:10:48.590  INFO 33800 --- [[Ljava.lang.String;@257f30f7.container-0-C-1] c.s.i.s.p.d.k.PayloadMsgReceiver         : payload 原始数据：810100ffffffffff07000003f7f985ffffffff04050000050300f593
2019-07-05 13:10:48.729  INFO 33800 --- [[Ljava.lang.String;@257f30f7.container-0-C-1] o.a.k.clients.producer.ProducerConfig    : ProducerConfig values: 
	acks = 1
	batch.size = 16384
	bootstrap.servers = [118.25.46.85:9092]
	buffer.memory = 33554432
	client.id = 
	compression.type = none
	connections.max.idle.ms = 540000
	enable.idempotence = false
	interceptor.classes = []
	key.serializer = class org.apache.kafka.common.serialization.ByteArraySerializer
	linger.ms = 0
	max.block.ms = 60000
	max.in.flight.requests.per.connection = 5
	max.request.size = 1048576
	metadata.max.age.ms = 300000
	metric.reporters = []
	metrics.num.samples = 2
	metrics.recording.level = INFO
	metrics.sample.window.ms = 30000
	partitioner.class = class org.apache.kafka.clients.producer.internals.DefaultPartitioner
	receive.buffer.bytes = 32768
	reconnect.backoff.max.ms = 1000
	reconnect.backoff.ms = 50
	request.timeout.ms = 30000
	retries = 0
	retry.backoff.ms = 100
	sasl.client.callback.handler.class = null
	sasl.jaas.config = null
	sasl.kerberos.kinit.cmd = /usr/bin/kinit
	sasl.kerberos.min.time.before.relogin = 60000
	sasl.kerberos.service.name = null
	sasl.kerberos.ticket.renew.jitter = 0.05
	sasl.kerberos.ticket.renew.window.factor = 0.8
	sasl.login.callback.handler.class = null
	sasl.login.class = null
	sasl.login.refresh.buffer.seconds = 300
	sasl.login.refresh.min.period.seconds = 60
	sasl.login.refresh.window.factor = 0.8
	sasl.login.refresh.window.jitter = 0.05
	sasl.mechanism = GSSAPI
	security.protocol = PLAINTEXT
	send.buffer.bytes = 131072
	ssl.cipher.suites = null
	ssl.enabled.protocols = [TLSv1.2, TLSv1.1, TLSv1]
	ssl.endpoint.identification.algorithm = https
	ssl.key.password = null
	ssl.keymanager.algorithm = SunX509
	ssl.keystore.location = null
	ssl.keystore.password = null
	ssl.keystore.type = JKS
	ssl.protocol = TLS
	ssl.provider = null
	ssl.secure.random.implementation = null
	ssl.trustmanager.algorithm = PKIX
	ssl.truststore.location = null
	ssl.truststore.password = null
	ssl.truststore.type = JKS
	transaction.timeout.ms = 60000
	transactional.id = null
	value.serializer = class org.apache.kafka.common.serialization.ByteArraySerializer

2019-07-05 13:10:48.758  INFO 33800 --- [[Ljava.lang.String;@257f30f7.container-0-C-1] o.a.kafka.common.utils.AppInfoParser     : Kafka version : 2.0.1
2019-07-05 13:10:48.758  INFO 33800 --- [[Ljava.lang.String;@257f30f7.container-0-C-1] o.a.kafka.common.utils.AppInfoParser     : Kafka commitId : fa14705e51bd2ce5
2019-07-05 13:10:48.789  INFO 33800 --- [kafka-producer-network-thread | producer-2] org.apache.kafka.clients.Metadata        : Cluster ID: GMdLy6M0RLSa4etQ0tZUFg
2019-07-05 14:04:29.346  INFO 33800 --- [[Ljava.lang.String;@257f30f7.container-0-C-1] c.s.i.s.p.d.k.PayloadMsgReceiver         : 接受到的message：{"gwIP":"127.0.0.1","gwId":"FFFFF80100000142","gwPort":9823,"rawPayload":"810100ffffffffff07000003f7f985ffffffff04050000050300f593"}
2019-07-05 14:04:29.358  INFO 33800 --- [[Ljava.lang.String;@257f30f7.container-0-C-1] c.s.i.s.p.d.k.PayloadMsgReceiver         : payload 原始数据：810100ffffffffff07000003f7f985ffffffff04050000050300f593
2019-07-05 14:49:33.973  INFO 33800 --- [[Ljava.lang.String;@257f30f7.container-0-C-1] c.s.i.s.p.d.k.PayloadMsgReceiver         : 接受到的message：{"gwIP":"127.0.0.1","gwId":"FFFFF80100000142","gwPort":9823,"rawPayload":"810100ffffffffff07000003f7f985ffffffff04050000050300f593"}
2019-07-05 14:49:33.977  INFO 33800 --- [[Ljava.lang.String;@257f30f7.container-0-C-1] c.s.i.s.p.d.k.PayloadMsgReceiver         : payload 原始数据：810100ffffffffff07000003f7f985ffffffff04050000050300f593
2019-07-05 14:49:34.008  INFO 33800 --- [[Ljava.lang.String;@257f30f7.container-0-C-1] c.s.i.s.p.d.k.PayloadMsgReceiver         : 接受到的message：{"gwIP":"127.0.0.1","gwId":"FFFFF80100000142","gwPort":9823,"rawPayload":"810100ffffffffff07000003f7f985ffffffff04050000050300f593"}
2019-07-05 14:49:34.008  INFO 33800 --- [[Ljava.lang.String;@257f30f7.container-0-C-1] c.s.i.s.p.d.k.PayloadMsgReceiver         : payload 原始数据：810100ffffffffff07000003f7f985ffffffff04050000050300f593
2019-07-05 15:07:50.924  INFO 33800 --- [[Ljava.lang.String;@257f30f7.container-0-C-1] c.s.i.s.p.d.k.PayloadMsgReceiver         : 接受到的message：{"gwIP":"127.0.0.1","gwId":"FFFFF80100000142","gwPort":9823,"rawPayload":"810100ffffffffff07000003f7f985ffffffff04050000050300f593"}
2019-07-05 15:07:50.924  INFO 33800 --- [[Ljava.lang.String;@257f30f7.container-0-C-1] c.s.i.s.p.d.k.PayloadMsgReceiver         : payload 原始数据：810100ffffffffff07000003f7f985ffffffff04050000050300f593
