2019-07-04 09:13:21.591  INFO 14704 --- [restartedMain] c.s.i.s.a.i.IotServiceApiImplApplication : No active profile set, falling back to default profiles: default
2019-07-04 09:13:22.803  WARN 14704 --- [restartedMain] o.m.s.mapper.ClassPathMapperScanner      : No MyBatis mapper was found in '[com.shine.iot.mapper.*]' package. Please check your configuration.
2019-07-04 09:13:23.233  INFO 14704 --- [restartedMain] .s.d.r.c.RepositoryConfigurationDelegate : Multiple Spring Data modules found, entering strict repository configuration mode!
2019-07-04 09:13:23.236  INFO 14704 --- [restartedMain] .s.d.r.c.RepositoryConfigurationDelegate : Bootstrapping Spring Data repositories in DEFAULT mode.
2019-07-04 09:13:23.273  INFO 14704 --- [restartedMain] .s.d.r.c.RepositoryConfigurationDelegate : Finished Spring Data repository scanning in 15ms. Found 0 repository interfaces.
2019-07-04 09:13:23.497  WARN 14704 --- [restartedMain] o.s.boot.actuate.endpoint.EndpointId     : Endpoint ID 'service-registry' contains invalid characters, please migrate to a valid format.
2019-07-04 09:13:23.827  INFO 14704 --- [restartedMain] o.s.cloud.context.scope.GenericScope     : BeanFactory id=6abc41ff-79dc-34cc-9944-d1238309a153
2019-07-04 09:13:23.979  INFO 14704 --- [restartedMain] trationDelegate$BeanPostProcessorChecker : Bean 'org.springframework.transaction.annotation.ProxyTransactionManagementConfiguration' of type [org.springframework.transaction.annotation.ProxyTransactionManagementConfiguration$$EnhancerBySpringCGLIB$$ed5fa16b] is not eligible for getting processed by all BeanPostProcessors (for example: not eligible for auto-proxying)
2019-07-04 09:13:24.009  INFO 14704 --- [restartedMain] trationDelegate$BeanPostProcessorChecker : Bean 'org.springframework.cloud.autoconfigure.ConfigurationPropertiesRebinderAutoConfiguration' of type [org.springframework.cloud.autoconfigure.ConfigurationPropertiesRebinderAutoConfiguration$$EnhancerBySpringCGLIB$$979a468] is not eligible for getting processed by all BeanPostProcessors (for example: not eligible for auto-proxying)
2019-07-04 09:13:24.712  INFO 14704 --- [restartedMain] o.s.b.w.embedded.tomcat.TomcatWebServer  : Tomcat initialized with port(s): 8097 (http)
2019-07-04 09:13:24.749  INFO 14704 --- [restartedMain] o.apache.catalina.core.StandardService   : Starting service [Tomcat]
2019-07-04 09:13:24.750  INFO 14704 --- [restartedMain] org.apache.catalina.core.StandardEngine  : Starting Servlet engine: [Apache Tomcat/9.0.19]
2019-07-04 09:13:24.922  INFO 14704 --- [restartedMain] o.a.c.c.C.[Tomcat].[localhost].[/]       : Initializing Spring embedded WebApplicationContext
2019-07-04 09:13:24.923  INFO 14704 --- [restartedMain] o.s.web.context.ContextLoader            : Root WebApplicationContext: initialization completed in 3301 ms
2019-07-04 09:13:25.063  WARN 14704 --- [restartedMain] c.n.c.sources.URLConfigurationSource     : No URLs will be polled as dynamic configuration sources.
2019-07-04 09:13:25.064  INFO 14704 --- [restartedMain] c.n.c.sources.URLConfigurationSource     : To enable URLs as dynamic configuration sources, define System property archaius.configurationSource.additionalUrls or make config.properties available on classpath.
2019-07-04 09:13:25.081  INFO 14704 --- [restartedMain] c.netflix.config.DynamicPropertyFactory  : DynamicPropertyFactory is initialized with configuration sources: com.netflix.config.ConcurrentCompositeConfiguration@7a342add
2019-07-04 09:13:27.052  WARN 14704 --- [restartedMain] c.n.c.sources.URLConfigurationSource     : No URLs will be polled as dynamic configuration sources.
2019-07-04 09:13:27.053  INFO 14704 --- [restartedMain] c.n.c.sources.URLConfigurationSource     : To enable URLs as dynamic configuration sources, define System property archaius.configurationSource.additionalUrls or make config.properties available on classpath.
2019-07-04 09:13:27.342  INFO 14704 --- [restartedMain] o.s.s.concurrent.ThreadPoolTaskExecutor  : Initializing ExecutorService 'applicationTaskExecutor'
2019-07-04 09:13:28.085  INFO 14704 --- [restartedMain] o.s.b.d.a.OptionalLiveReloadServer       : LiveReload server is running on port 35729
2019-07-04 09:13:28.460  INFO 14704 --- [restartedMain] o.s.b.a.e.web.EndpointLinksResolver      : Exposing 2 endpoint(s) beneath base path '/actuator'
2019-07-04 09:13:28.624  INFO 14704 --- [restartedMain] o.s.c.n.eureka.InstanceInfoFactory       : Setting initial instance status as: STARTING
2019-07-04 09:13:28.712  INFO 14704 --- [restartedMain] com.netflix.discovery.DiscoveryClient    : Initializing Eureka in region us-east-1
2019-07-04 09:13:29.045  INFO 14704 --- [restartedMain] c.n.d.provider.DiscoveryJerseyProvider   : Using JSON encoding codec LegacyJacksonJson
2019-07-04 09:13:29.045  INFO 14704 --- [restartedMain] c.n.d.provider.DiscoveryJerseyProvider   : Using JSON decoding codec LegacyJacksonJson
2019-07-04 09:13:29.207  INFO 14704 --- [restartedMain] c.n.d.provider.DiscoveryJerseyProvider   : Using XML encoding codec XStreamXml
2019-07-04 09:13:29.207  INFO 14704 --- [restartedMain] c.n.d.provider.DiscoveryJerseyProvider   : Using XML decoding codec XStreamXml
2019-07-04 09:13:29.481  INFO 14704 --- [restartedMain] c.n.d.s.r.aws.ConfigClusterResolver      : Resolving eureka endpoints via configuration
2019-07-04 09:13:29.616  INFO 14704 --- [restartedMain] com.netflix.discovery.DiscoveryClient    : Disable delta property : false
2019-07-04 09:13:29.617  INFO 14704 --- [restartedMain] com.netflix.discovery.DiscoveryClient    : Single vip registry refresh property : null
2019-07-04 09:13:29.617  INFO 14704 --- [restartedMain] com.netflix.discovery.DiscoveryClient    : Force full registry fetch : false
2019-07-04 09:13:29.617  INFO 14704 --- [restartedMain] com.netflix.discovery.DiscoveryClient    : Application is null : false
2019-07-04 09:13:29.617  INFO 14704 --- [restartedMain] com.netflix.discovery.DiscoveryClient    : Registered Applications size is zero : true
2019-07-04 09:13:29.617  INFO 14704 --- [restartedMain] com.netflix.discovery.DiscoveryClient    : Application version is -1: true
2019-07-04 09:13:29.617  INFO 14704 --- [restartedMain] com.netflix.discovery.DiscoveryClient    : Getting all instance registry info from the eureka server
2019-07-04 09:13:30.233  INFO 14704 --- [restartedMain] com.netflix.discovery.DiscoveryClient    : The response status is 200
2019-07-04 09:13:30.239  INFO 14704 --- [restartedMain] com.netflix.discovery.DiscoveryClient    : Starting heartbeat executor: renew interval is: 30
2019-07-04 09:13:30.242  INFO 14704 --- [restartedMain] c.n.discovery.InstanceInfoReplicator     : InstanceInfoReplicator onDemand update allowed rate per min is 4
2019-07-04 09:13:30.249  INFO 14704 --- [restartedMain] com.netflix.discovery.DiscoveryClient    : Discovery Client initialized at timestamp 1562202810247 with initial instances count: 6
2019-07-04 09:13:30.252  INFO 14704 --- [restartedMain] o.s.c.n.e.s.EurekaServiceRegistry        : Registering application IOT-SERVICE-API-IMPL with eureka with status UP
2019-07-04 09:13:30.252  INFO 14704 --- [restartedMain] com.netflix.discovery.DiscoveryClient    : Saw local status change event StatusChangeEvent [timestamp=1562202810252, current=UP, previous=STARTING]
2019-07-04 09:13:30.255  INFO 14704 --- [DiscoveryClient-InstanceInfoReplicator-0] com.netflix.discovery.DiscoveryClient    : DiscoveryClient_IOT-SERVICE-API-IMPL/JAVA2:iot-service-api-impl:8097: registering service...
2019-07-04 09:13:30.326  INFO 14704 --- [restartedMain] o.s.b.w.embedded.tomcat.TomcatWebServer  : Tomcat started on port(s): 8097 (http) with context path ''
2019-07-04 09:13:30.327  INFO 14704 --- [restartedMain] .s.c.n.e.s.EurekaAutoServiceRegistration : Updating port to 8097
2019-07-04 09:13:30.329  INFO 14704 --- [restartedMain] c.s.i.s.a.i.IotServiceApiImplApplication : Started IotServiceApiImplApplication in 10.641 seconds (JVM running for 13.349)
2019-07-04 09:13:30.415  INFO 14704 --- [DiscoveryClient-InstanceInfoReplicator-0] com.netflix.discovery.DiscoveryClient    : DiscoveryClient_IOT-SERVICE-API-IMPL/JAVA2:iot-service-api-impl:8097 - registration status: 204
2019-07-04 09:13:30.923  INFO 14704 --- [RMI TCP Connection(4)-127.0.0.1] com.zaxxer.hikari.HikariDataSource       : ExpendHikariCP - Starting...
2019-07-04 09:13:30.925  WARN 14704 --- [RMI TCP Connection(4)-127.0.0.1] com.zaxxer.hikari.util.DriverDataSource  : Registered driver with driverClassName=com.mysql.jdbc.Driver was not found, trying direct instantiation.
2019-07-04 09:13:30.933  INFO 14704 --- [RMI TCP Connection(2)-127.0.0.1] o.a.c.c.C.[Tomcat].[localhost].[/]       : Initializing Spring DispatcherServlet 'dispatcherServlet'
2019-07-04 09:13:30.934  INFO 14704 --- [RMI TCP Connection(2)-127.0.0.1] o.s.web.servlet.DispatcherServlet        : Initializing Servlet 'dispatcherServlet'
2019-07-04 09:13:30.950  INFO 14704 --- [RMI TCP Connection(2)-127.0.0.1] o.s.web.servlet.DispatcherServlet        : Completed initialization in 16 ms
2019-07-04 09:13:31.277  INFO 14704 --- [RMI TCP Connection(4)-127.0.0.1] com.zaxxer.hikari.HikariDataSource       : ExpendHikariCP - Start completed.
2019-07-04 09:13:31.471  INFO 14704 --- [parallel-1] io.lettuce.core.EpollProvider            : Starting without optional epoll library
2019-07-04 09:13:31.473  INFO 14704 --- [parallel-1] io.lettuce.core.KqueueProvider           : Starting without optional kqueue library
2019-07-04 09:18:29.621  INFO 14704 --- [AsyncResolver-bootstrap-executor-0] c.n.d.s.r.aws.ConfigClusterResolver      : Resolving eureka endpoints via configuration
2019-07-04 09:23:29.623  INFO 14704 --- [AsyncResolver-bootstrap-executor-0] c.n.d.s.r.aws.ConfigClusterResolver      : Resolving eureka endpoints via configuration
2019-07-04 09:28:29.628  INFO 14704 --- [AsyncResolver-bootstrap-executor-0] c.n.d.s.r.aws.ConfigClusterResolver      : Resolving eureka endpoints via configuration
2019-07-04 09:33:29.629  INFO 14704 --- [AsyncResolver-bootstrap-executor-0] c.n.d.s.r.aws.ConfigClusterResolver      : Resolving eureka endpoints via configuration
2019-07-04 09:38:29.632  INFO 14704 --- [AsyncResolver-bootstrap-executor-0] c.n.d.s.r.aws.ConfigClusterResolver      : Resolving eureka endpoints via configuration
2019-07-04 09:48:05.290  INFO 20196 --- [restartedMain] c.s.i.s.a.i.IotServiceApiImplApplication : No active profile set, falling back to default profiles: default
2019-07-04 09:48:06.627  WARN 20196 --- [restartedMain] o.m.s.mapper.ClassPathMapperScanner      : No MyBatis mapper was found in '[com.shine.iot.mapper.*]' package. Please check your configuration.
2019-07-04 09:48:07.043  INFO 20196 --- [restartedMain] .s.d.r.c.RepositoryConfigurationDelegate : Multiple Spring Data modules found, entering strict repository configuration mode!
2019-07-04 09:48:07.047  INFO 20196 --- [restartedMain] .s.d.r.c.RepositoryConfigurationDelegate : Bootstrapping Spring Data repositories in DEFAULT mode.
2019-07-04 09:48:07.101  INFO 20196 --- [restartedMain] .s.d.r.c.RepositoryConfigurationDelegate : Finished Spring Data repository scanning in 19ms. Found 0 repository interfaces.
2019-07-04 09:48:07.335  WARN 20196 --- [restartedMain] o.s.boot.actuate.endpoint.EndpointId     : Endpoint ID 'service-registry' contains invalid characters, please migrate to a valid format.
2019-07-04 09:48:07.646  INFO 20196 --- [restartedMain] o.s.cloud.context.scope.GenericScope     : BeanFactory id=6abc41ff-79dc-34cc-9944-d1238309a153
2019-07-04 09:48:07.779  INFO 20196 --- [restartedMain] trationDelegate$BeanPostProcessorChecker : Bean 'org.springframework.transaction.annotation.ProxyTransactionManagementConfiguration' of type [org.springframework.transaction.annotation.ProxyTransactionManagementConfiguration$$EnhancerBySpringCGLIB$$ea600495] is not eligible for getting processed by all BeanPostProcessors (for example: not eligible for auto-proxying)
2019-07-04 09:48:07.808  INFO 20196 --- [restartedMain] trationDelegate$BeanPostProcessorChecker : Bean 'org.springframework.cloud.autoconfigure.ConfigurationPropertiesRebinderAutoConfiguration' of type [org.springframework.cloud.autoconfigure.ConfigurationPropertiesRebinderAutoConfiguration$$EnhancerBySpringCGLIB$$67a0792] is not eligible for getting processed by all BeanPostProcessors (for example: not eligible for auto-proxying)
2019-07-04 09:48:08.500  INFO 20196 --- [restartedMain] o.s.b.w.embedded.tomcat.TomcatWebServer  : Tomcat initialized with port(s): 8097 (http)
2019-07-04 09:48:08.528  INFO 20196 --- [restartedMain] o.apache.catalina.core.StandardService   : Starting service [Tomcat]
2019-07-04 09:48:08.529  INFO 20196 --- [restartedMain] org.apache.catalina.core.StandardEngine  : Starting Servlet engine: [Apache Tomcat/9.0.19]
2019-07-04 09:48:08.691  INFO 20196 --- [restartedMain] o.a.c.c.C.[Tomcat].[localhost].[/]       : Initializing Spring embedded WebApplicationContext
2019-07-04 09:48:08.692  INFO 20196 --- [restartedMain] o.s.web.context.ContextLoader            : Root WebApplicationContext: initialization completed in 3382 ms
2019-07-04 09:48:08.836  WARN 20196 --- [restartedMain] c.n.c.sources.URLConfigurationSource     : No URLs will be polled as dynamic configuration sources.
2019-07-04 09:48:08.836  INFO 20196 --- [restartedMain] c.n.c.sources.URLConfigurationSource     : To enable URLs as dynamic configuration sources, define System property archaius.configurationSource.additionalUrls or make config.properties available on classpath.
2019-07-04 09:48:08.849  INFO 20196 --- [restartedMain] c.netflix.config.DynamicPropertyFactory  : DynamicPropertyFactory is initialized with configuration sources: com.netflix.config.ConcurrentCompositeConfiguration@4c69ebec
2019-07-04 09:48:10.780  WARN 20196 --- [restartedMain] c.n.c.sources.URLConfigurationSource     : No URLs will be polled as dynamic configuration sources.
2019-07-04 09:48:10.781  INFO 20196 --- [restartedMain] c.n.c.sources.URLConfigurationSource     : To enable URLs as dynamic configuration sources, define System property archaius.configurationSource.additionalUrls or make config.properties available on classpath.
2019-07-04 09:48:11.055  INFO 20196 --- [restartedMain] o.s.s.concurrent.ThreadPoolTaskExecutor  : Initializing ExecutorService 'applicationTaskExecutor'
2019-07-04 09:48:11.759  INFO 20196 --- [restartedMain] o.s.b.d.a.OptionalLiveReloadServer       : LiveReload server is running on port 35729
2019-07-04 09:48:12.168  INFO 20196 --- [restartedMain] o.s.b.a.e.web.EndpointLinksResolver      : Exposing 2 endpoint(s) beneath base path '/actuator'
2019-07-04 09:48:12.341  INFO 20196 --- [restartedMain] o.s.c.n.eureka.InstanceInfoFactory       : Setting initial instance status as: STARTING
2019-07-04 09:48:12.413  INFO 20196 --- [restartedMain] com.netflix.discovery.DiscoveryClient    : Initializing Eureka in region us-east-1
2019-07-04 09:48:12.948  INFO 20196 --- [restartedMain] c.n.d.provider.DiscoveryJerseyProvider   : Using JSON encoding codec LegacyJacksonJson
2019-07-04 09:48:12.948  INFO 20196 --- [restartedMain] c.n.d.provider.DiscoveryJerseyProvider   : Using JSON decoding codec LegacyJacksonJson
2019-07-04 09:48:13.183  INFO 20196 --- [restartedMain] c.n.d.provider.DiscoveryJerseyProvider   : Using XML encoding codec XStreamXml
2019-07-04 09:48:13.183  INFO 20196 --- [restartedMain] c.n.d.provider.DiscoveryJerseyProvider   : Using XML decoding codec XStreamXml
2019-07-04 09:48:13.669  INFO 20196 --- [restartedMain] c.n.d.s.r.aws.ConfigClusterResolver      : Resolving eureka endpoints via configuration
2019-07-04 09:48:13.846  INFO 20196 --- [restartedMain] com.netflix.discovery.DiscoveryClient    : Disable delta property : false
2019-07-04 09:48:13.846  INFO 20196 --- [restartedMain] com.netflix.discovery.DiscoveryClient    : Single vip registry refresh property : null
2019-07-04 09:48:13.846  INFO 20196 --- [restartedMain] com.netflix.discovery.DiscoveryClient    : Force full registry fetch : false
2019-07-04 09:48:13.847  INFO 20196 --- [restartedMain] com.netflix.discovery.DiscoveryClient    : Application is null : false
2019-07-04 09:48:13.847  INFO 20196 --- [restartedMain] com.netflix.discovery.DiscoveryClient    : Registered Applications size is zero : true
2019-07-04 09:48:13.847  INFO 20196 --- [restartedMain] com.netflix.discovery.DiscoveryClient    : Application version is -1: true
2019-07-04 09:48:13.847  INFO 20196 --- [restartedMain] com.netflix.discovery.DiscoveryClient    : Getting all instance registry info from the eureka server
2019-07-04 09:48:14.471  INFO 20196 --- [restartedMain] com.netflix.discovery.DiscoveryClient    : The response status is 200
2019-07-04 09:48:14.475  INFO 20196 --- [restartedMain] com.netflix.discovery.DiscoveryClient    : Starting heartbeat executor: renew interval is: 30
2019-07-04 09:48:14.479  INFO 20196 --- [restartedMain] c.n.discovery.InstanceInfoReplicator     : InstanceInfoReplicator onDemand update allowed rate per min is 4
2019-07-04 09:48:14.483  INFO 20196 --- [restartedMain] com.netflix.discovery.DiscoveryClient    : Discovery Client initialized at timestamp 1562204894482 with initial instances count: 7
2019-07-04 09:48:14.485  INFO 20196 --- [restartedMain] o.s.c.n.e.s.EurekaServiceRegistry        : Registering application IOT-SERVICE-API-IMPL with eureka with status UP
2019-07-04 09:48:14.485  INFO 20196 --- [restartedMain] com.netflix.discovery.DiscoveryClient    : Saw local status change event StatusChangeEvent [timestamp=1562204894485, current=UP, previous=STARTING]
2019-07-04 09:48:14.489  INFO 20196 --- [DiscoveryClient-InstanceInfoReplicator-0] com.netflix.discovery.DiscoveryClient    : DiscoveryClient_IOT-SERVICE-API-IMPL/JAVA2:iot-service-api-impl:8097: registering service...
2019-07-04 09:48:14.553  INFO 20196 --- [DiscoveryClient-InstanceInfoReplicator-0] com.netflix.discovery.DiscoveryClient    : DiscoveryClient_IOT-SERVICE-API-IMPL/JAVA2:iot-service-api-impl:8097 - registration status: 204
2019-07-04 09:48:14.560  INFO 20196 --- [restartedMain] o.s.b.w.embedded.tomcat.TomcatWebServer  : Tomcat started on port(s): 8097 (http) with context path ''
2019-07-04 09:48:14.561  INFO 20196 --- [restartedMain] .s.c.n.e.s.EurekaAutoServiceRegistration : Updating port to 8097
2019-07-04 09:48:14.565  INFO 20196 --- [restartedMain] c.s.i.s.a.i.IotServiceApiImplApplication : Started IotServiceApiImplApplication in 11.547 seconds (JVM running for 14.182)
2019-07-04 09:48:15.118  INFO 20196 --- [RMI TCP Connection(4)-127.0.0.1] com.zaxxer.hikari.HikariDataSource       : ExpendHikariCP - Starting...
2019-07-04 09:48:15.121  WARN 20196 --- [RMI TCP Connection(4)-127.0.0.1] com.zaxxer.hikari.util.DriverDataSource  : Registered driver with driverClassName=com.mysql.jdbc.Driver was not found, trying direct instantiation.
2019-07-04 09:48:15.121  INFO 20196 --- [RMI TCP Connection(2)-127.0.0.1] o.a.c.c.C.[Tomcat].[localhost].[/]       : Initializing Spring DispatcherServlet 'dispatcherServlet'
2019-07-04 09:48:15.121  INFO 20196 --- [RMI TCP Connection(2)-127.0.0.1] o.s.web.servlet.DispatcherServlet        : Initializing Servlet 'dispatcherServlet'
2019-07-04 09:48:15.146  INFO 20196 --- [RMI TCP Connection(2)-127.0.0.1] o.s.web.servlet.DispatcherServlet        : Completed initialization in 25 ms
2019-07-04 09:48:15.550  INFO 20196 --- [RMI TCP Connection(4)-127.0.0.1] com.zaxxer.hikari.HikariDataSource       : ExpendHikariCP - Start completed.
2019-07-04 09:48:15.774  INFO 20196 --- [parallel-1] io.lettuce.core.EpollProvider            : Starting without optional epoll library
2019-07-04 09:48:15.776  INFO 20196 --- [parallel-1] io.lettuce.core.KqueueProvider           : Starting without optional kqueue library
2019-07-04 09:53:13.851  INFO 20196 --- [AsyncResolver-bootstrap-executor-0] c.n.d.s.r.aws.ConfigClusterResolver      : Resolving eureka endpoints via configuration
2019-07-04 09:56:10.814  INFO 5396 --- [restartedMain] c.s.i.s.a.i.IotServiceApiImplApplication : No active profile set, falling back to default profiles: default
2019-07-04 09:56:11.921  WARN 5396 --- [restartedMain] o.m.s.mapper.ClassPathMapperScanner      : No MyBatis mapper was found in '[com.shine.iot.mapper.*]' package. Please check your configuration.
2019-07-04 09:56:12.338  INFO 5396 --- [restartedMain] .s.d.r.c.RepositoryConfigurationDelegate : Multiple Spring Data modules found, entering strict repository configuration mode!
2019-07-04 09:56:12.342  INFO 5396 --- [restartedMain] .s.d.r.c.RepositoryConfigurationDelegate : Bootstrapping Spring Data repositories in DEFAULT mode.
2019-07-04 09:56:12.372  INFO 5396 --- [restartedMain] .s.d.r.c.RepositoryConfigurationDelegate : Finished Spring Data repository scanning in 12ms. Found 0 repository interfaces.
2019-07-04 09:56:12.625  WARN 5396 --- [restartedMain] o.s.boot.actuate.endpoint.EndpointId     : Endpoint ID 'service-registry' contains invalid characters, please migrate to a valid format.
2019-07-04 09:56:12.976  INFO 5396 --- [restartedMain] o.s.cloud.context.scope.GenericScope     : BeanFactory id=6abc41ff-79dc-34cc-9944-d1238309a153
2019-07-04 09:56:13.111  INFO 5396 --- [restartedMain] trationDelegate$BeanPostProcessorChecker : Bean 'org.springframework.transaction.annotation.ProxyTransactionManagementConfiguration' of type [org.springframework.transaction.annotation.ProxyTransactionManagementConfiguration$$EnhancerBySpringCGLIB$$de6202ff] is not eligible for getting processed by all BeanPostProcessors (for example: not eligible for auto-proxying)
2019-07-04 09:56:13.140  INFO 5396 --- [restartedMain] trationDelegate$BeanPostProcessorChecker : Bean 'org.springframework.cloud.autoconfigure.ConfigurationPropertiesRebinderAutoConfiguration' of type [org.springframework.cloud.autoconfigure.ConfigurationPropertiesRebinderAutoConfiguration$$EnhancerBySpringCGLIB$$fa7c05fc] is not eligible for getting processed by all BeanPostProcessors (for example: not eligible for auto-proxying)
2019-07-04 09:56:13.917  INFO 5396 --- [restartedMain] o.s.b.w.embedded.tomcat.TomcatWebServer  : Tomcat initialized with port(s): 8097 (http)
2019-07-04 09:56:13.956  INFO 5396 --- [restartedMain] o.apache.catalina.core.StandardService   : Starting service [Tomcat]
2019-07-04 09:56:13.956  INFO 5396 --- [restartedMain] org.apache.catalina.core.StandardEngine  : Starting Servlet engine: [Apache Tomcat/9.0.19]
2019-07-04 09:56:14.186  INFO 5396 --- [restartedMain] o.a.c.c.C.[Tomcat].[localhost].[/]       : Initializing Spring embedded WebApplicationContext
2019-07-04 09:56:14.186  INFO 5396 --- [restartedMain] o.s.web.context.ContextLoader            : Root WebApplicationContext: initialization completed in 3352 ms
2019-07-04 09:56:14.392  WARN 5396 --- [restartedMain] c.n.c.sources.URLConfigurationSource     : No URLs will be polled as dynamic configuration sources.
2019-07-04 09:56:14.393  INFO 5396 --- [restartedMain] c.n.c.sources.URLConfigurationSource     : To enable URLs as dynamic configuration sources, define System property archaius.configurationSource.additionalUrls or make config.properties available on classpath.
2019-07-04 09:56:14.419  INFO 5396 --- [restartedMain] c.netflix.config.DynamicPropertyFactory  : DynamicPropertyFactory is initialized with configuration sources: com.netflix.config.ConcurrentCompositeConfiguration@34ba0c00
2019-07-04 09:56:16.547  WARN 5396 --- [restartedMain] c.n.c.sources.URLConfigurationSource     : No URLs will be polled as dynamic configuration sources.
2019-07-04 09:56:16.548  INFO 5396 --- [restartedMain] c.n.c.sources.URLConfigurationSource     : To enable URLs as dynamic configuration sources, define System property archaius.configurationSource.additionalUrls or make config.properties available on classpath.
2019-07-04 09:56:16.845  INFO 5396 --- [restartedMain] o.s.s.concurrent.ThreadPoolTaskExecutor  : Initializing ExecutorService 'applicationTaskExecutor'
2019-07-04 09:56:17.600  INFO 5396 --- [restartedMain] o.s.b.d.a.OptionalLiveReloadServer       : LiveReload server is running on port 35729
2019-07-04 09:56:17.970  INFO 5396 --- [restartedMain] o.s.b.a.e.web.EndpointLinksResolver      : Exposing 2 endpoint(s) beneath base path '/actuator'
2019-07-04 09:56:18.115  INFO 5396 --- [restartedMain] o.s.c.n.eureka.InstanceInfoFactory       : Setting initial instance status as: STARTING
2019-07-04 09:56:18.171  INFO 5396 --- [restartedMain] com.netflix.discovery.DiscoveryClient    : Initializing Eureka in region us-east-1
2019-07-04 09:56:18.559  INFO 5396 --- [restartedMain] c.n.d.provider.DiscoveryJerseyProvider   : Using JSON encoding codec LegacyJacksonJson
2019-07-04 09:56:18.559  INFO 5396 --- [restartedMain] c.n.d.provider.DiscoveryJerseyProvider   : Using JSON decoding codec LegacyJacksonJson
2019-07-04 09:56:18.718  INFO 5396 --- [restartedMain] c.n.d.provider.DiscoveryJerseyProvider   : Using XML encoding codec XStreamXml
2019-07-04 09:56:18.719  INFO 5396 --- [restartedMain] c.n.d.provider.DiscoveryJerseyProvider   : Using XML decoding codec XStreamXml
2019-07-04 09:56:18.997  INFO 5396 --- [restartedMain] c.n.d.s.r.aws.ConfigClusterResolver      : Resolving eureka endpoints via configuration
2019-07-04 09:56:19.138  INFO 5396 --- [restartedMain] com.netflix.discovery.DiscoveryClient    : Disable delta property : false
2019-07-04 09:56:19.138  INFO 5396 --- [restartedMain] com.netflix.discovery.DiscoveryClient    : Single vip registry refresh property : null
2019-07-04 09:56:19.138  INFO 5396 --- [restartedMain] com.netflix.discovery.DiscoveryClient    : Force full registry fetch : false
2019-07-04 09:56:19.138  INFO 5396 --- [restartedMain] com.netflix.discovery.DiscoveryClient    : Application is null : false
2019-07-04 09:56:19.139  INFO 5396 --- [restartedMain] com.netflix.discovery.DiscoveryClient    : Registered Applications size is zero : true
2019-07-04 09:56:19.139  INFO 5396 --- [restartedMain] com.netflix.discovery.DiscoveryClient    : Application version is -1: true
2019-07-04 09:56:19.139  INFO 5396 --- [restartedMain] com.netflix.discovery.DiscoveryClient    : Getting all instance registry info from the eureka server
2019-07-04 09:56:19.644  INFO 5396 --- [restartedMain] com.netflix.discovery.DiscoveryClient    : The response status is 200
2019-07-04 09:56:19.648  INFO 5396 --- [restartedMain] com.netflix.discovery.DiscoveryClient    : Starting heartbeat executor: renew interval is: 30
2019-07-04 09:56:19.651  INFO 5396 --- [restartedMain] c.n.discovery.InstanceInfoReplicator     : InstanceInfoReplicator onDemand update allowed rate per min is 4
2019-07-04 09:56:19.658  INFO 5396 --- [restartedMain] com.netflix.discovery.DiscoveryClient    : Discovery Client initialized at timestamp 1562205379657 with initial instances count: 7
2019-07-04 09:56:19.660  INFO 5396 --- [restartedMain] o.s.c.n.e.s.EurekaServiceRegistry        : Registering application IOT-SERVICE-API-IMPL with eureka with status UP
2019-07-04 09:56:19.660  INFO 5396 --- [restartedMain] com.netflix.discovery.DiscoveryClient    : Saw local status change event StatusChangeEvent [timestamp=1562205379660, current=UP, previous=STARTING]
2019-07-04 09:56:19.663  INFO 5396 --- [DiscoveryClient-InstanceInfoReplicator-0] com.netflix.discovery.DiscoveryClient    : DiscoveryClient_IOT-SERVICE-API-IMPL/JAVA2:iot-service-api-impl:8097: registering service...
2019-07-04 09:56:19.720  INFO 5396 --- [DiscoveryClient-InstanceInfoReplicator-0] com.netflix.discovery.DiscoveryClient    : DiscoveryClient_IOT-SERVICE-API-IMPL/JAVA2:iot-service-api-impl:8097 - registration status: 204
2019-07-04 09:56:19.724  INFO 5396 --- [restartedMain] o.s.b.w.embedded.tomcat.TomcatWebServer  : Tomcat started on port(s): 8097 (http) with context path ''
2019-07-04 09:56:19.726  INFO 5396 --- [restartedMain] .s.c.n.e.s.EurekaAutoServiceRegistration : Updating port to 8097
2019-07-04 09:56:19.729  INFO 5396 --- [restartedMain] c.s.i.s.a.i.IotServiceApiImplApplication : Started IotServiceApiImplApplication in 10.808 seconds (JVM running for 13.637)
2019-07-04 09:56:20.230  INFO 5396 --- [RMI TCP Connection(2)-127.0.0.1] o.a.c.c.C.[Tomcat].[localhost].[/]       : Initializing Spring DispatcherServlet 'dispatcherServlet'
2019-07-04 09:56:20.231  INFO 5396 --- [RMI TCP Connection(4)-127.0.0.1] com.zaxxer.hikari.HikariDataSource       : ExpendHikariCP - Starting...
2019-07-04 09:56:20.231  INFO 5396 --- [RMI TCP Connection(2)-127.0.0.1] o.s.web.servlet.DispatcherServlet        : Initializing Servlet 'dispatcherServlet'
2019-07-04 09:56:20.233  WARN 5396 --- [RMI TCP Connection(4)-127.0.0.1] com.zaxxer.hikari.util.DriverDataSource  : Registered driver with driverClassName=com.mysql.jdbc.Driver was not found, trying direct instantiation.
2019-07-04 09:56:20.247  INFO 5396 --- [RMI TCP Connection(2)-127.0.0.1] o.s.web.servlet.DispatcherServlet        : Completed initialization in 16 ms
2019-07-04 09:56:20.525  INFO 5396 --- [RMI TCP Connection(4)-127.0.0.1] com.zaxxer.hikari.HikariDataSource       : ExpendHikariCP - Start completed.
2019-07-04 09:56:20.719  INFO 5396 --- [parallel-1] io.lettuce.core.EpollProvider            : Starting without optional epoll library
2019-07-04 09:56:20.722  INFO 5396 --- [parallel-1] io.lettuce.core.KqueueProvider           : Starting without optional kqueue library
2019-07-04 10:01:19.143  INFO 5396 --- [AsyncResolver-bootstrap-executor-0] c.n.d.s.r.aws.ConfigClusterResolver      : Resolving eureka endpoints via configuration
2019-07-04 10:06:19.146  INFO 5396 --- [AsyncResolver-bootstrap-executor-0] c.n.d.s.r.aws.ConfigClusterResolver      : Resolving eureka endpoints via configuration
2019-07-04 10:11:19.149  INFO 5396 --- [AsyncResolver-bootstrap-executor-0] c.n.d.s.r.aws.ConfigClusterResolver      : Resolving eureka endpoints via configuration
2019-07-04 10:14:28.327  INFO 21396 --- [restartedMain] c.s.i.s.a.i.IotServiceApiImplApplication : No active profile set, falling back to default profiles: default
2019-07-04 10:14:30.178  WARN 21396 --- [restartedMain] o.m.s.mapper.ClassPathMapperScanner      : No MyBatis mapper was found in '[com.shine.iot.mapper.*]' package. Please check your configuration.
2019-07-04 10:14:30.713  INFO 21396 --- [restartedMain] .s.d.r.c.RepositoryConfigurationDelegate : Multiple Spring Data modules found, entering strict repository configuration mode!
2019-07-04 10:14:30.716  INFO 21396 --- [restartedMain] .s.d.r.c.RepositoryConfigurationDelegate : Bootstrapping Spring Data repositories in DEFAULT mode.
2019-07-04 10:14:30.746  INFO 21396 --- [restartedMain] .s.d.r.c.RepositoryConfigurationDelegate : Finished Spring Data repository scanning in 13ms. Found 0 repository interfaces.
2019-07-04 10:14:30.962  WARN 21396 --- [restartedMain] o.s.boot.actuate.endpoint.EndpointId     : Endpoint ID 'service-registry' contains invalid characters, please migrate to a valid format.
2019-07-04 10:14:31.287  INFO 21396 --- [restartedMain] o.s.cloud.context.scope.GenericScope     : BeanFactory id=6abc41ff-79dc-34cc-9944-d1238309a153
2019-07-04 10:14:31.421  INFO 21396 --- [restartedMain] trationDelegate$BeanPostProcessorChecker : Bean 'org.springframework.transaction.annotation.ProxyTransactionManagementConfiguration' of type [org.springframework.transaction.annotation.ProxyTransactionManagementConfiguration$$EnhancerBySpringCGLIB$$57162456] is not eligible for getting processed by all BeanPostProcessors (for example: not eligible for auto-proxying)
2019-07-04 10:14:31.451  INFO 21396 --- [restartedMain] trationDelegate$BeanPostProcessorChecker : Bean 'org.springframework.cloud.autoconfigure.ConfigurationPropertiesRebinderAutoConfiguration' of type [org.springframework.cloud.autoconfigure.ConfigurationPropertiesRebinderAutoConfiguration$$EnhancerBySpringCGLIB$$73302753] is not eligible for getting processed by all BeanPostProcessors (for example: not eligible for auto-proxying)
2019-07-04 10:14:32.108  INFO 21396 --- [restartedMain] o.s.b.w.embedded.tomcat.TomcatWebServer  : Tomcat initialized with port(s): 8097 (http)
2019-07-04 10:14:32.136  INFO 21396 --- [restartedMain] o.apache.catalina.core.StandardService   : Starting service [Tomcat]
2019-07-04 10:14:32.137  INFO 21396 --- [restartedMain] org.apache.catalina.core.StandardEngine  : Starting Servlet engine: [Apache Tomcat/9.0.19]
2019-07-04 10:14:32.302  INFO 21396 --- [restartedMain] o.a.c.c.C.[Tomcat].[localhost].[/]       : Initializing Spring embedded WebApplicationContext
2019-07-04 10:14:32.303  INFO 21396 --- [restartedMain] o.s.web.context.ContextLoader            : Root WebApplicationContext: initialization completed in 3955 ms
2019-07-04 10:14:32.453  WARN 21396 --- [restartedMain] c.n.c.sources.URLConfigurationSource     : No URLs will be polled as dynamic configuration sources.
2019-07-04 10:14:32.454  INFO 21396 --- [restartedMain] c.n.c.sources.URLConfigurationSource     : To enable URLs as dynamic configuration sources, define System property archaius.configurationSource.additionalUrls or make config.properties available on classpath.
2019-07-04 10:14:32.466  INFO 21396 --- [restartedMain] c.netflix.config.DynamicPropertyFactory  : DynamicPropertyFactory is initialized with configuration sources: com.netflix.config.ConcurrentCompositeConfiguration@45acb7d7
2019-07-04 10:14:35.401  WARN 21396 --- [restartedMain] c.n.c.sources.URLConfigurationSource     : No URLs will be polled as dynamic configuration sources.
2019-07-04 10:14:35.402  INFO 21396 --- [restartedMain] c.n.c.sources.URLConfigurationSource     : To enable URLs as dynamic configuration sources, define System property archaius.configurationSource.additionalUrls or make config.properties available on classpath.
2019-07-04 10:14:35.683  INFO 21396 --- [restartedMain] o.s.s.concurrent.ThreadPoolTaskExecutor  : Initializing ExecutorService 'applicationTaskExecutor'
2019-07-04 10:14:36.405  INFO 21396 --- [restartedMain] o.s.b.d.a.OptionalLiveReloadServer       : LiveReload server is running on port 35729
2019-07-04 10:14:36.769  INFO 21396 --- [restartedMain] o.s.b.a.e.web.EndpointLinksResolver      : Exposing 2 endpoint(s) beneath base path '/actuator'
2019-07-04 10:14:36.899  INFO 21396 --- [restartedMain] o.s.c.n.eureka.InstanceInfoFactory       : Setting initial instance status as: STARTING
2019-07-04 10:14:36.981  INFO 21396 --- [restartedMain] com.netflix.discovery.DiscoveryClient    : Initializing Eureka in region us-east-1
2019-07-04 10:14:37.311  INFO 21396 --- [restartedMain] c.n.d.provider.DiscoveryJerseyProvider   : Using JSON encoding codec LegacyJacksonJson
2019-07-04 10:14:37.311  INFO 21396 --- [restartedMain] c.n.d.provider.DiscoveryJerseyProvider   : Using JSON decoding codec LegacyJacksonJson
2019-07-04 10:14:37.472  INFO 21396 --- [restartedMain] c.n.d.provider.DiscoveryJerseyProvider   : Using XML encoding codec XStreamXml
2019-07-04 10:14:37.472  INFO 21396 --- [restartedMain] c.n.d.provider.DiscoveryJerseyProvider   : Using XML decoding codec XStreamXml
2019-07-04 10:14:37.772  INFO 21396 --- [restartedMain] c.n.d.s.r.aws.ConfigClusterResolver      : Resolving eureka endpoints via configuration
2019-07-04 10:14:37.914  INFO 21396 --- [restartedMain] com.netflix.discovery.DiscoveryClient    : Disable delta property : false
2019-07-04 10:14:37.915  INFO 21396 --- [restartedMain] com.netflix.discovery.DiscoveryClient    : Single vip registry refresh property : null
2019-07-04 10:14:37.915  INFO 21396 --- [restartedMain] com.netflix.discovery.DiscoveryClient    : Force full registry fetch : false
2019-07-04 10:14:37.915  INFO 21396 --- [restartedMain] com.netflix.discovery.DiscoveryClient    : Application is null : false
2019-07-04 10:14:37.915  INFO 21396 --- [restartedMain] com.netflix.discovery.DiscoveryClient    : Registered Applications size is zero : true
2019-07-04 10:14:37.916  INFO 21396 --- [restartedMain] com.netflix.discovery.DiscoveryClient    : Application version is -1: true
2019-07-04 10:14:37.916  INFO 21396 --- [restartedMain] com.netflix.discovery.DiscoveryClient    : Getting all instance registry info from the eureka server
2019-07-04 10:14:38.439  INFO 21396 --- [restartedMain] com.netflix.discovery.DiscoveryClient    : The response status is 200
2019-07-04 10:14:38.444  INFO 21396 --- [restartedMain] com.netflix.discovery.DiscoveryClient    : Starting heartbeat executor: renew interval is: 30
2019-07-04 10:14:38.447  INFO 21396 --- [restartedMain] c.n.discovery.InstanceInfoReplicator     : InstanceInfoReplicator onDemand update allowed rate per min is 4
2019-07-04 10:14:38.453  INFO 21396 --- [restartedMain] com.netflix.discovery.DiscoveryClient    : Discovery Client initialized at timestamp 1562206478451 with initial instances count: 7
2019-07-04 10:14:38.455  INFO 21396 --- [restartedMain] o.s.c.n.e.s.EurekaServiceRegistry        : Registering application IOT-SERVICE-API-IMPL with eureka with status UP
2019-07-04 10:14:38.455  INFO 21396 --- [restartedMain] com.netflix.discovery.DiscoveryClient    : Saw local status change event StatusChangeEvent [timestamp=1562206478455, current=UP, previous=STARTING]
2019-07-04 10:14:38.457  INFO 21396 --- [DiscoveryClient-InstanceInfoReplicator-0] com.netflix.discovery.DiscoveryClient    : DiscoveryClient_IOT-SERVICE-API-IMPL/JAVA2:iot-service-api-impl:8097: registering service...
2019-07-04 10:14:38.517  INFO 21396 --- [DiscoveryClient-InstanceInfoReplicator-0] com.netflix.discovery.DiscoveryClient    : DiscoveryClient_IOT-SERVICE-API-IMPL/JAVA2:iot-service-api-impl:8097 - registration status: 204
2019-07-04 10:14:38.525  INFO 21396 --- [restartedMain] o.s.b.w.embedded.tomcat.TomcatWebServer  : Tomcat started on port(s): 8097 (http) with context path ''
2019-07-04 10:14:38.526  INFO 21396 --- [restartedMain] .s.c.n.e.s.EurekaAutoServiceRegistration : Updating port to 8097
2019-07-04 10:14:38.529  INFO 21396 --- [restartedMain] c.s.i.s.a.i.IotServiceApiImplApplication : Started IotServiceApiImplApplication in 12.151 seconds (JVM running for 14.961)
2019-07-04 10:14:39.034  INFO 21396 --- [RMI TCP Connection(2)-127.0.0.1] com.zaxxer.hikari.HikariDataSource       : ExpendHikariCP - Starting...
2019-07-04 10:14:39.036  INFO 21396 --- [RMI TCP Connection(5)-127.0.0.1] o.a.c.c.C.[Tomcat].[localhost].[/]       : Initializing Spring DispatcherServlet 'dispatcherServlet'
2019-07-04 10:14:39.036  WARN 21396 --- [RMI TCP Connection(2)-127.0.0.1] com.zaxxer.hikari.util.DriverDataSource  : Registered driver with driverClassName=com.mysql.jdbc.Driver was not found, trying direct instantiation.
2019-07-04 10:14:39.037  INFO 21396 --- [RMI TCP Connection(5)-127.0.0.1] o.s.web.servlet.DispatcherServlet        : Initializing Servlet 'dispatcherServlet'
2019-07-04 10:14:39.053  INFO 21396 --- [RMI TCP Connection(5)-127.0.0.1] o.s.web.servlet.DispatcherServlet        : Completed initialization in 16 ms
2019-07-04 10:14:39.388  INFO 21396 --- [RMI TCP Connection(2)-127.0.0.1] com.zaxxer.hikari.HikariDataSource       : ExpendHikariCP - Start completed.
2019-07-04 10:14:39.579  INFO 21396 --- [parallel-1] io.lettuce.core.EpollProvider            : Starting without optional epoll library
2019-07-04 10:14:39.581  INFO 21396 --- [parallel-1] io.lettuce.core.KqueueProvider           : Starting without optional kqueue library
2019-07-04 10:19:37.920  INFO 21396 --- [AsyncResolver-bootstrap-executor-0] c.n.d.s.r.aws.ConfigClusterResolver      : Resolving eureka endpoints via configuration
2019-07-04 10:24:37.922  INFO 21396 --- [AsyncResolver-bootstrap-executor-0] c.n.d.s.r.aws.ConfigClusterResolver      : Resolving eureka endpoints via configuration
2019-07-04 10:29:37.923  INFO 21396 --- [AsyncResolver-bootstrap-executor-0] c.n.d.s.r.aws.ConfigClusterResolver      : Resolving eureka endpoints via configuration
2019-07-04 10:34:37.929  INFO 21396 --- [AsyncResolver-bootstrap-executor-0] c.n.d.s.r.aws.ConfigClusterResolver      : Resolving eureka endpoints via configuration
2019-07-04 10:39:37.931  INFO 21396 --- [AsyncResolver-bootstrap-executor-0] c.n.d.s.r.aws.ConfigClusterResolver      : Resolving eureka endpoints via configuration
2019-07-04 10:44:37.933  INFO 21396 --- [AsyncResolver-bootstrap-executor-0] c.n.d.s.r.aws.ConfigClusterResolver      : Resolving eureka endpoints via configuration
2019-07-04 10:50:33.634  INFO 21092 --- [restartedMain] c.s.i.s.a.i.IotServiceApiImplApplication : No active profile set, falling back to default profiles: default
2019-07-04 10:50:35.062  WARN 21092 --- [restartedMain] o.m.s.mapper.ClassPathMapperScanner      : No MyBatis mapper was found in '[com.shine.iot.mapper.*]' package. Please check your configuration.
2019-07-04 10:50:35.527  INFO 21092 --- [restartedMain] .s.d.r.c.RepositoryConfigurationDelegate : Multiple Spring Data modules found, entering strict repository configuration mode!
2019-07-04 10:50:35.530  INFO 21092 --- [restartedMain] .s.d.r.c.RepositoryConfigurationDelegate : Bootstrapping Spring Data repositories in DEFAULT mode.
2019-07-04 10:50:35.565  INFO 21092 --- [restartedMain] .s.d.r.c.RepositoryConfigurationDelegate : Finished Spring Data repository scanning in 15ms. Found 0 repository interfaces.
2019-07-04 10:50:35.781  WARN 21092 --- [restartedMain] o.s.boot.actuate.endpoint.EndpointId     : Endpoint ID 'service-registry' contains invalid characters, please migrate to a valid format.
2019-07-04 10:50:36.093  INFO 21092 --- [restartedMain] o.s.cloud.context.scope.GenericScope     : BeanFactory id=6abc41ff-79dc-34cc-9944-d1238309a153
2019-07-04 10:50:36.229  INFO 21092 --- [restartedMain] trationDelegate$BeanPostProcessorChecker : Bean 'org.springframework.transaction.annotation.ProxyTransactionManagementConfiguration' of type [org.springframework.transaction.annotation.ProxyTransactionManagementConfiguration$$EnhancerBySpringCGLIB$$e7512fb6] is not eligible for getting processed by all BeanPostProcessors (for example: not eligible for auto-proxying)
2019-07-04 10:50:36.262  INFO 21092 --- [restartedMain] trationDelegate$BeanPostProcessorChecker : Bean 'org.springframework.cloud.autoconfigure.ConfigurationPropertiesRebinderAutoConfiguration' of type [org.springframework.cloud.autoconfigure.ConfigurationPropertiesRebinderAutoConfiguration$$EnhancerBySpringCGLIB$$36b32b3] is not eligible for getting processed by all BeanPostProcessors (for example: not eligible for auto-proxying)
2019-07-04 10:50:37.557  INFO 21092 --- [restartedMain] o.s.b.w.embedded.tomcat.TomcatWebServer  : Tomcat initialized with port(s): 8097 (http)
2019-07-04 10:50:37.621  INFO 21092 --- [restartedMain] o.apache.catalina.core.StandardService   : Starting service [Tomcat]
2019-07-04 10:50:37.621  INFO 21092 --- [restartedMain] org.apache.catalina.core.StandardEngine  : Starting Servlet engine: [Apache Tomcat/9.0.19]
2019-07-04 10:50:38.013  INFO 21092 --- [restartedMain] o.a.c.c.C.[Tomcat].[localhost].[/]       : Initializing Spring embedded WebApplicationContext
2019-07-04 10:50:38.013  INFO 21092 --- [restartedMain] o.s.web.context.ContextLoader            : Root WebApplicationContext: initialization completed in 4358 ms
2019-07-04 10:50:38.197  WARN 21092 --- [restartedMain] c.n.c.sources.URLConfigurationSource     : No URLs will be polled as dynamic configuration sources.
2019-07-04 10:50:38.197  INFO 21092 --- [restartedMain] c.n.c.sources.URLConfigurationSource     : To enable URLs as dynamic configuration sources, define System property archaius.configurationSource.additionalUrls or make config.properties available on classpath.
2019-07-04 10:50:38.237  INFO 21092 --- [restartedMain] c.netflix.config.DynamicPropertyFactory  : DynamicPropertyFactory is initialized with configuration sources: com.netflix.config.ConcurrentCompositeConfiguration@55dfb9e9
2019-07-04 10:50:40.796  WARN 21092 --- [restartedMain] c.n.c.sources.URLConfigurationSource     : No URLs will be polled as dynamic configuration sources.
2019-07-04 10:50:40.797  INFO 21092 --- [restartedMain] c.n.c.sources.URLConfigurationSource     : To enable URLs as dynamic configuration sources, define System property archaius.configurationSource.additionalUrls or make config.properties available on classpath.
2019-07-04 10:50:41.216  INFO 21092 --- [restartedMain] o.s.s.concurrent.ThreadPoolTaskExecutor  : Initializing ExecutorService 'applicationTaskExecutor'
2019-07-04 10:50:42.222  INFO 21092 --- [restartedMain] o.s.b.d.a.OptionalLiveReloadServer       : LiveReload server is running on port 35729
2019-07-04 10:50:42.621  INFO 21092 --- [restartedMain] o.s.b.a.e.web.EndpointLinksResolver      : Exposing 2 endpoint(s) beneath base path '/actuator'
2019-07-04 10:50:42.752  INFO 21092 --- [restartedMain] o.s.c.n.eureka.InstanceInfoFactory       : Setting initial instance status as: STARTING
2019-07-04 10:50:42.890  INFO 21092 --- [restartedMain] com.netflix.discovery.DiscoveryClient    : Initializing Eureka in region us-east-1
2019-07-04 10:50:43.792  INFO 21092 --- [restartedMain] c.n.d.provider.DiscoveryJerseyProvider   : Using JSON encoding codec LegacyJacksonJson
2019-07-04 10:50:43.792  INFO 21092 --- [restartedMain] c.n.d.provider.DiscoveryJerseyProvider   : Using JSON decoding codec LegacyJacksonJson
2019-07-04 10:50:43.975  INFO 21092 --- [restartedMain] c.n.d.provider.DiscoveryJerseyProvider   : Using XML encoding codec XStreamXml
2019-07-04 10:50:43.975  INFO 21092 --- [restartedMain] c.n.d.provider.DiscoveryJerseyProvider   : Using XML decoding codec XStreamXml
2019-07-04 10:50:44.288  INFO 21092 --- [restartedMain] c.n.d.s.r.aws.ConfigClusterResolver      : Resolving eureka endpoints via configuration
2019-07-04 10:50:44.497  INFO 21092 --- [restartedMain] com.netflix.discovery.DiscoveryClient    : Disable delta property : false
2019-07-04 10:50:44.498  INFO 21092 --- [restartedMain] com.netflix.discovery.DiscoveryClient    : Single vip registry refresh property : null
2019-07-04 10:50:44.498  INFO 21092 --- [restartedMain] com.netflix.discovery.DiscoveryClient    : Force full registry fetch : false
2019-07-04 10:50:44.498  INFO 21092 --- [restartedMain] com.netflix.discovery.DiscoveryClient    : Application is null : false
2019-07-04 10:50:44.498  INFO 21092 --- [restartedMain] com.netflix.discovery.DiscoveryClient    : Registered Applications size is zero : true
2019-07-04 10:50:44.498  INFO 21092 --- [restartedMain] com.netflix.discovery.DiscoveryClient    : Application version is -1: true
2019-07-04 10:50:44.498  INFO 21092 --- [restartedMain] com.netflix.discovery.DiscoveryClient    : Getting all instance registry info from the eureka server
2019-07-04 10:50:45.026  INFO 21092 --- [restartedMain] com.netflix.discovery.DiscoveryClient    : The response status is 200
2019-07-04 10:50:45.031  INFO 21092 --- [restartedMain] com.netflix.discovery.DiscoveryClient    : Starting heartbeat executor: renew interval is: 30
2019-07-04 10:50:45.033  INFO 21092 --- [restartedMain] c.n.discovery.InstanceInfoReplicator     : InstanceInfoReplicator onDemand update allowed rate per min is 4
2019-07-04 10:50:45.037  INFO 21092 --- [restartedMain] com.netflix.discovery.DiscoveryClient    : Discovery Client initialized at timestamp 1562208645036 with initial instances count: 7
2019-07-04 10:50:45.040  INFO 21092 --- [restartedMain] o.s.c.n.e.s.EurekaServiceRegistry        : Registering application IOT-SERVICE-API-IMPL with eureka with status UP
2019-07-04 10:50:45.040  INFO 21092 --- [restartedMain] com.netflix.discovery.DiscoveryClient    : Saw local status change event StatusChangeEvent [timestamp=1562208645040, current=UP, previous=STARTING]
2019-07-04 10:50:45.043  INFO 21092 --- [DiscoveryClient-InstanceInfoReplicator-0] com.netflix.discovery.DiscoveryClient    : DiscoveryClient_IOT-SERVICE-API-IMPL/JAVA2:iot-service-api-impl:8097: registering service...
2019-07-04 10:50:45.102  INFO 21092 --- [restartedMain] o.s.b.w.embedded.tomcat.TomcatWebServer  : Tomcat started on port(s): 8097 (http) with context path ''
2019-07-04 10:50:45.103  INFO 21092 --- [DiscoveryClient-InstanceInfoReplicator-0] com.netflix.discovery.DiscoveryClient    : DiscoveryClient_IOT-SERVICE-API-IMPL/JAVA2:iot-service-api-impl:8097 - registration status: 204
2019-07-04 10:50:45.104  INFO 21092 --- [restartedMain] .s.c.n.e.s.EurekaAutoServiceRegistration : Updating port to 8097
2019-07-04 10:50:45.106  INFO 21092 --- [restartedMain] c.s.i.s.a.i.IotServiceApiImplApplication : Started IotServiceApiImplApplication in 13.728 seconds (JVM running for 16.573)
2019-07-04 10:50:45.567  INFO 21092 --- [RMI TCP Connection(2)-127.0.0.1] com.zaxxer.hikari.HikariDataSource       : ExpendHikariCP - Starting...
2019-07-04 10:50:45.569  INFO 21092 --- [RMI TCP Connection(4)-127.0.0.1] o.a.c.c.C.[Tomcat].[localhost].[/]       : Initializing Spring DispatcherServlet 'dispatcherServlet'
2019-07-04 10:50:45.569  INFO 21092 --- [RMI TCP Connection(4)-127.0.0.1] o.s.web.servlet.DispatcherServlet        : Initializing Servlet 'dispatcherServlet'
2019-07-04 10:50:45.569  WARN 21092 --- [RMI TCP Connection(2)-127.0.0.1] com.zaxxer.hikari.util.DriverDataSource  : Registered driver with driverClassName=com.mysql.jdbc.Driver was not found, trying direct instantiation.
2019-07-04 10:50:45.586  INFO 21092 --- [RMI TCP Connection(4)-127.0.0.1] o.s.web.servlet.DispatcherServlet        : Completed initialization in 17 ms
2019-07-04 10:50:47.096  INFO 21092 --- [RMI TCP Connection(2)-127.0.0.1] com.zaxxer.hikari.HikariDataSource       : ExpendHikariCP - Start completed.
2019-07-04 10:50:47.393  INFO 21092 --- [parallel-1] io.lettuce.core.EpollProvider            : Starting without optional epoll library
2019-07-04 10:50:47.396  INFO 21092 --- [parallel-1] io.lettuce.core.KqueueProvider           : Starting without optional kqueue library
2019-07-04 10:55:44.501  INFO 21092 --- [AsyncResolver-bootstrap-executor-0] c.n.d.s.r.aws.ConfigClusterResolver      : Resolving eureka endpoints via configuration
2019-07-04 11:00:44.503  INFO 21092 --- [AsyncResolver-bootstrap-executor-0] c.n.d.s.r.aws.ConfigClusterResolver      : Resolving eureka endpoints via configuration
2019-07-04 11:05:44.504  INFO 21092 --- [AsyncResolver-bootstrap-executor-0] c.n.d.s.r.aws.ConfigClusterResolver      : Resolving eureka endpoints via configuration
2019-07-04 11:10:44.506  INFO 21092 --- [AsyncResolver-bootstrap-executor-0] c.n.d.s.r.aws.ConfigClusterResolver      : Resolving eureka endpoints via configuration
2019-07-04 11:15:44.508  INFO 21092 --- [AsyncResolver-bootstrap-executor-0] c.n.d.s.r.aws.ConfigClusterResolver      : Resolving eureka endpoints via configuration
2019-07-04 11:20:44.510  INFO 21092 --- [AsyncResolver-bootstrap-executor-0] c.n.d.s.r.aws.ConfigClusterResolver      : Resolving eureka endpoints via configuration
2019-07-04 11:25:44.516  INFO 21092 --- [AsyncResolver-bootstrap-executor-0] c.n.d.s.r.aws.ConfigClusterResolver      : Resolving eureka endpoints via configuration
2019-07-04 11:30:44.517  INFO 21092 --- [AsyncResolver-bootstrap-executor-0] c.n.d.s.r.aws.ConfigClusterResolver      : Resolving eureka endpoints via configuration
2019-07-04 11:35:44.519  INFO 21092 --- [AsyncResolver-bootstrap-executor-0] c.n.d.s.r.aws.ConfigClusterResolver      : Resolving eureka endpoints via configuration
2019-07-04 11:40:44.521  INFO 21092 --- [AsyncResolver-bootstrap-executor-0] c.n.d.s.r.aws.ConfigClusterResolver      : Resolving eureka endpoints via configuration
2019-07-04 11:45:44.522  INFO 21092 --- [AsyncResolver-bootstrap-executor-0] c.n.d.s.r.aws.ConfigClusterResolver      : Resolving eureka endpoints via configuration
2019-07-04 11:50:44.523  INFO 21092 --- [AsyncResolver-bootstrap-executor-0] c.n.d.s.r.aws.ConfigClusterResolver      : Resolving eureka endpoints via configuration
